This file contains any messages produced by compilers while
running configure, to aid debugging if configure makes a mistake.

It was created by ubiquity configure 1.8.7, which was
generated by GNU Autoconf 2.61.  Invocation command line was

  $ ./configure --prefix=/usr

## --------- ##
## Platform. ##
## --------- ##

hostname = clavius
uname -m = i686
uname -r = 2.6.24-16-generic
uname -s = Linux
uname -v = #1 SMP Thu Apr 10 13:23:42 UTC 2008

/usr/bin/uname -p = unknown
/bin/uname -X     = unknown

/bin/arch              = unknown
/usr/bin/arch -k       = unknown
/usr/convex/getsysinfo = unknown
/usr/bin/hostinfo      = unknown
/bin/machine           = unknown
/usr/bin/oslevel       = unknown
/bin/universe          = unknown

PATH: /usr/sbin
PATH: /usr/bin
PATH: /sbin
PATH: /bin
PATH: /usr/bin/X11


## ----------- ##
## Core tests. ##
## ----------- ##

configure:2075: checking for a BSD-compatible install
configure:2131: result: /usr/bin/install -c
configure:2142: checking whether build environment is sane
configure:2185: result: yes
configure:2213: checking for a thread-safe mkdir -p
configure:2252: result: /bin/mkdir -p
configure:2265: checking for gawk
configure:2295: result: no
configure:2265: checking for mawk
configure:2281: found /usr/bin/mawk
configure:2292: result: mawk
configure:2303: checking whether make sets $(MAKE)
configure:2324: result: yes
configure:2516: checking whether to enable maintainer-specific portions of Makefiles
configure:2525: result: no
configure:2617: checking build system type
configure:2635: result: i686-pc-linux-gnu
configure:2657: checking host system type
configure:2672: result: i686-pc-linux-gnu
configure:2706: checking for style of include used by make
configure:2734: result: GNU
configure:2804: checking for gcc
configure:2820: found /usr/bin/gcc
configure:2831: result: gcc
configure:3069: checking for C compiler version
configure:3076: gcc --version >&5
gcc (GCC) 4.2.3 (Ubuntu 4.2.3-2ubuntu7)
Copyright (C) 2007 Free Software Foundation, Inc.
This is free software; see the source for copying conditions.  There is NO
warranty; not even for MERCHANTABILITY or FITNESS FOR A PARTICULAR PURPOSE.

configure:3079: $? = 0
configure:3086: gcc -v >&5
Using built-in specs.
Target: i486-linux-gnu
Configured with: ../src/configure -v --enable-languages=c,c++,fortran,objc,obj-c++,treelang --prefix=/usr --enable-shared --with-system-zlib --libexecdir=/usr/lib --without-included-gettext --enable-threads=posix --enable-nls --with-gxx-include-dir=/usr/include/c++/4.2 --program-suffix=-4.2 --enable-clocale=gnu --enable-libstdcxx-debug --enable-objc-gc --enable-mpfr --enable-targets=all --enable-checking=release --build=i486-linux-gnu --host=i486-linux-gnu --target=i486-linux-gnu
Thread model: posix
gcc version 4.2.3 (Ubuntu 4.2.3-2ubuntu7)
configure:3089: $? = 0
configure:3096: gcc -V >&5
gcc: '-V' option must have argument
configure:3099: $? = 1
configure:3122: checking for C compiler default output file name
configure:3149: gcc -g -O2  -Wl,-Bsymbolic-functions conftest.c  >&5
configure:3152: $? = 0
configure:3190: result: a.out
configure:3207: checking whether the C compiler works
configure:3217: ./a.out
configure:3220: $? = 0
configure:3237: result: yes
configure:3244: checking whether we are cross compiling
configure:3246: result: no
configure:3249: checking for suffix of executables
configure:3256: gcc -o conftest -g -O2  -Wl,-Bsymbolic-functions conftest.c  >&5
configure:3259: $? = 0
configure:3283: result: 
configure:3289: checking for suffix of object files
configure:3315: gcc -c -g -O2  conftest.c >&5
configure:3318: $? = 0
configure:3341: result: o
configure:3345: checking whether we are using the GNU C compiler
configure:3374: gcc -c -g -O2  conftest.c >&5
configure:3380: $? = 0
configure:3397: result: yes
configure:3402: checking whether gcc accepts -g
configure:3432: gcc -c -g  conftest.c >&5
configure:3438: $? = 0
configure:3537: result: yes
configure:3554: checking for gcc option to accept ISO C89
configure:3628: gcc  -c -g -O2  conftest.c >&5
configure:3634: $? = 0
configure:3657: result: none needed
configure:3677: checking dependency style of gcc
configure:3768: result: gcc3
configure:3783: checking for a sed that does not truncate output
configure:3839: result: /bin/sed
configure:3842: checking for grep that handles long lines and -e
configure:3916: result: /bin/grep
configure:3921: checking for egrep
configure:3999: result: /bin/grep -E
configure:4015: checking for ld used by gcc
configure:4082: result: /usr/bin/ld
configure:4091: checking if the linker (/usr/bin/ld) is GNU ld
configure:4106: result: yes
configure:4111: checking for /usr/bin/ld option to reload object files
configure:4118: result: -r
configure:4136: checking for BSD-compatible nm
configure:4185: result: /usr/bin/nm -B
configure:4189: checking whether ln -s works
configure:4193: result: yes
configure:4200: checking how to recognize dependent libraries
configure:4386: result: pass_all
configure:4631: checking how to run the C preprocessor
configure:4671: gcc -E  conftest.c
configure:4677: $? = 0
configure:4708: gcc -E  conftest.c
conftest.c:10:28: error: ac_nonexistent.h: No such file or directory
configure:4714: $? = 1
configure: failed program was:
| /* confdefs.h.  */
| #define PACKAGE_NAME "ubiquity"
| #define PACKAGE_TARNAME "ubiquity"
| #define PACKAGE_VERSION "1.8.7"
| #define PACKAGE_STRING "ubiquity 1.8.7"
| #define PACKAGE_BUGREPORT "https://launchpad.net/ubuntu/+source/ubiquity/+filebug"
| #define PACKAGE "ubiquity"
| #define VERSION "1.8.7"
| /* end confdefs.h.  */
| #include <ac_nonexistent.h>
configure:4747: result: gcc -E
configure:4776: gcc -E  conftest.c
configure:4782: $? = 0
configure:4813: gcc -E  conftest.c
conftest.c:10:28: error: ac_nonexistent.h: No such file or directory
configure:4819: $? = 1
configure: failed program was:
| /* confdefs.h.  */
| #define PACKAGE_NAME "ubiquity"
| #define PACKAGE_TARNAME "ubiquity"
| #define PACKAGE_VERSION "1.8.7"
| #define PACKAGE_STRING "ubiquity 1.8.7"
| #define PACKAGE_BUGREPORT "https://launchpad.net/ubuntu/+source/ubiquity/+filebug"
| #define PACKAGE "ubiquity"
| #define VERSION "1.8.7"
| /* end confdefs.h.  */
| #include <ac_nonexistent.h>
configure:4857: checking for ANSI C header files
configure:4887: gcc -c -g -O2  conftest.c >&5
configure:4893: $? = 0
configure:4992: gcc -o conftest -g -O2  -Wl,-Bsymbolic-functions conftest.c  >&5
configure:4995: $? = 0
configure:5001: ./conftest
configure:5004: $? = 0
configure:5021: result: yes
configure:5045: checking for sys/types.h
configure:5066: gcc -c -g -O2  conftest.c >&5
configure:5072: $? = 0
configure:5088: result: yes
configure:5045: checking for sys/stat.h
configure:5066: gcc -c -g -O2  conftest.c >&5
configure:5072: $? = 0
configure:5088: result: yes
configure:5045: checking for stdlib.h
configure:5066: gcc -c -g -O2  conftest.c >&5
configure:5072: $? = 0
configure:5088: result: yes
configure:5045: checking for string.h
configure:5066: gcc -c -g -O2  conftest.c >&5
configure:5072: $? = 0
configure:5088: result: yes
configure:5045: checking for memory.h
configure:5066: gcc -c -g -O2  conftest.c >&5
configure:5072: $? = 0
configure:5088: result: yes
configure:5045: checking for strings.h
configure:5066: gcc -c -g -O2  conftest.c >&5
configure:5072: $? = 0
configure:5088: result: yes
configure:5045: checking for inttypes.h
configure:5066: gcc -c -g -O2  conftest.c >&5
configure:5072: $? = 0
configure:5088: result: yes
configure:5045: checking for stdint.h
configure:5066: gcc -c -g -O2  conftest.c >&5
configure:5072: $? = 0
configure:5088: result: yes
configure:5045: checking for unistd.h
configure:5066: gcc -c -g -O2  conftest.c >&5
configure:5072: $? = 0
configure:5088: result: yes
configure:5115: checking dlfcn.h usability
configure:5132: gcc -c -g -O2  conftest.c >&5
configure:5138: $? = 0
configure:5152: result: yes
configure:5156: checking dlfcn.h presence
configure:5171: gcc -E  conftest.c
configure:5177: $? = 0
configure:5191: result: yes
configure:5224: checking for dlfcn.h
configure:5232: result: yes
configure:5303: checking for g++
configure:5319: found /usr/bin/g++
configure:5330: result: g++
configure:5361: checking for C++ compiler version
configure:5368: g++ --version >&5
g++ (GCC) 4.2.3 (Ubuntu 4.2.3-2ubuntu7)
Copyright (C) 2007 Free Software Foundation, Inc.
This is free software; see the source for copying conditions.  There is NO
warranty; not even for MERCHANTABILITY or FITNESS FOR A PARTICULAR PURPOSE.

configure:5371: $? = 0
configure:5378: g++ -v >&5
Using built-in specs.
Target: i486-linux-gnu
Configured with: ../src/configure -v --enable-languages=c,c++,fortran,objc,obj-c++,treelang --prefix=/usr --enable-shared --with-system-zlib --libexecdir=/usr/lib --without-included-gettext --enable-threads=posix --enable-nls --with-gxx-include-dir=/usr/include/c++/4.2 --program-suffix=-4.2 --enable-clocale=gnu --enable-libstdcxx-debug --enable-objc-gc --enable-mpfr --enable-targets=all --enable-checking=release --build=i486-linux-gnu --host=i486-linux-gnu --target=i486-linux-gnu
Thread model: posix
gcc version 4.2.3 (Ubuntu 4.2.3-2ubuntu7)
configure:5381: $? = 0
configure:5388: g++ -V >&5
g++: '-V' option must have argument
configure:5391: $? = 1
configure:5394: checking whether we are using the GNU C++ compiler
configure:5423: g++ -c -g -O2  conftest.cpp >&5
configure:5429: $? = 0
configure:5446: result: yes
configure:5451: checking whether g++ accepts -g
configure:5481: g++ -c -g  conftest.cpp >&5
configure:5487: $? = 0
configure:5586: result: yes
configure:5611: checking dependency style of g++
configure:5702: result: gcc3
configure:5727: checking how to run the C++ preprocessor
configure:5763: g++ -E  conftest.cpp
configure:5769: $? = 0
configure:5800: g++ -E  conftest.cpp
conftest.cpp:21:28: error: ac_nonexistent.h: No such file or directory
configure:5806: $? = 1
configure: failed program was:
| /* confdefs.h.  */
| #define PACKAGE_NAME "ubiquity"
| #define PACKAGE_TARNAME "ubiquity"
| #define PACKAGE_VERSION "1.8.7"
| #define PACKAGE_STRING "ubiquity 1.8.7"
| #define PACKAGE_BUGREPORT "https://launchpad.net/ubuntu/+source/ubiquity/+filebug"
| #define PACKAGE "ubiquity"
| #define VERSION "1.8.7"
| #define STDC_HEADERS 1
| #define HAVE_SYS_TYPES_H 1
| #define HAVE_SYS_STAT_H 1
| #define HAVE_STDLIB_H 1
| #define HAVE_STRING_H 1
| #define HAVE_MEMORY_H 1
| #define HAVE_STRINGS_H 1
| #define HAVE_INTTYPES_H 1
| #define HAVE_STDINT_H 1
| #define HAVE_UNISTD_H 1
| #define HAVE_DLFCN_H 1
| /* end confdefs.h.  */
| #include <ac_nonexistent.h>
configure:5839: result: g++ -E
configure:5868: g++ -E  conftest.cpp
configure:5874: $? = 0
configure:5905: g++ -E  conftest.cpp
conftest.cpp:21:28: error: ac_nonexistent.h: No such file or directory
configure:5911: $? = 1
configure: failed program was:
| /* confdefs.h.  */
| #define PACKAGE_NAME "ubiquity"
| #define PACKAGE_TARNAME "ubiquity"
| #define PACKAGE_VERSION "1.8.7"
| #define PACKAGE_STRING "ubiquity 1.8.7"
| #define PACKAGE_BUGREPORT "https://launchpad.net/ubuntu/+source/ubiquity/+filebug"
| #define PACKAGE "ubiquity"
| #define VERSION "1.8.7"
| #define STDC_HEADERS 1
| #define HAVE_SYS_TYPES_H 1
| #define HAVE_SYS_STAT_H 1
| #define HAVE_STDLIB_H 1
| #define HAVE_STRING_H 1
| #define HAVE_MEMORY_H 1
| #define HAVE_STRINGS_H 1
| #define HAVE_INTTYPES_H 1
| #define HAVE_STDINT_H 1
| #define HAVE_UNISTD_H 1
| #define HAVE_DLFCN_H 1
| /* end confdefs.h.  */
| #include <ac_nonexistent.h>
configure:6004: checking for g77
configure:6034: result: no
configure:6004: checking for xlf
configure:6034: result: no
configure:6004: checking for f77
configure:6034: result: no
configure:6004: checking for frt
configure:6034: result: no
configure:6004: checking for pgf77
configure:6034: result: no
configure:6004: checking for cf77
configure:6034: result: no
configure:6004: checking for fort77
configure:6034: result: no
configure:6004: checking for fl32
configure:6034: result: no
configure:6004: checking for af77
configure:6034: result: no
configure:6004: checking for xlf90
configure:6034: result: no
configure:6004: checking for f90
configure:6034: result: no
configure:6004: checking for pgf90
configure:6034: result: no
configure:6004: checking for pghpf
configure:6034: result: no
configure:6004: checking for epcf90
configure:6034: result: no
configure:6004: checking for gfortran
configure:6034: result: no
configure:6004: checking for g95
configure:6034: result: no
configure:6004: checking for xlf95
configure:6034: result: no
configure:6004: checking for f95
configure:6034: result: no
configure:6004: checking for fort
configure:6034: result: no
configure:6004: checking for ifort
configure:6034: result: no
configure:6004: checking for ifc
configure:6034: result: no
configure:6004: checking for efc
configure:6034: result: no
configure:6004: checking for pgf95
configure:6034: result: no
configure:6004: checking for lf95
configure:6034: result: no
configure:6004: checking for ftn
configure:6034: result: no
configure:6061: checking for Fortran 77 compiler version
configure:6068:  --version >&5
./configure: line 6069: --version: command not found
configure:6071: $? = 127
configure:6078:  -v >&5
./configure: line 6079: -v: command not found
configure:6081: $? = 127
configure:6088:  -V >&5
./configure: line 6089: -V: command not found
configure:6091: $? = 127
configure:6099: checking whether we are using the GNU Fortran 77 compiler
configure:6118:  -c -g -O2 conftest.F >&5
./configure: line 6119: -c: command not found
configure:6124: $? = 127
configure: failed program was:
|       program main
| #ifndef __GNUC__
|        choke me
| #endif
| 
|       end
configure:6141: result: no
configure:6147: checking whether  accepts -g
configure:6164:  -c -g conftest.f >&5
./configure: line 6165: -c: command not found
configure:6170: $? = 127
configure: failed program was:
|       program main
| 
|       end
configure:6186: result: no
configure:6215: checking the maximum length of command line arguments
configure:6327: result: 98304
configure:6339: checking command to parse /usr/bin/nm -B output from gcc object
configure:6444: gcc -c -g -O2  conftest.c >&5
configure:6447: $? = 0
configure:6451: /usr/bin/nm -B conftest.o \| sed -n -e 's/^.*[ 	]\([ABCDGIRSTW][ABCDGIRSTW]*\)[ 	][ 	]*\([_A-Za-z][_A-Za-z0-9]*\)$/\1 \2 \2/p' \> conftest.nm
configure:6454: $? = 0
configure:6506: gcc -o conftest -g -O2  -Wl,-Bsymbolic-functions conftest.c conftstm.o >&5
configure:6509: $? = 0

## ---------------- ##
## Cache variables. ##
## ---------------- ##

ac_cv_build=i686-pc-linux-gnu
ac_cv_c_compiler_gnu=yes
ac_cv_cxx_compiler_gnu=yes
ac_cv_env_CCC_set=
ac_cv_env_CCC_value=
ac_cv_env_CC_set=
ac_cv_env_CC_value=
ac_cv_env_CFLAGS_set=set
ac_cv_env_CFLAGS_value='-g -O2'
ac_cv_env_CPPFLAGS_set=set
ac_cv_env_CPPFLAGS_value=
ac_cv_env_CPP_set=
ac_cv_env_CPP_value=
ac_cv_env_CXXCPP_set=
ac_cv_env_CXXCPP_value=
ac_cv_env_CXXFLAGS_set=set
ac_cv_env_CXXFLAGS_value='-g -O2'
ac_cv_env_CXX_set=
ac_cv_env_CXX_value=
ac_cv_env_F77_set=
ac_cv_env_F77_value=
ac_cv_env_FFLAGS_set=set
ac_cv_env_FFLAGS_value='-g -O2'
ac_cv_env_LDFLAGS_set=set
ac_cv_env_LDFLAGS_value=-Wl,-Bsymbolic-functions
ac_cv_env_LIBS_set=
ac_cv_env_LIBS_value=
ac_cv_env_PKG_CONFIG_set=
ac_cv_env_PKG_CONFIG_value=
ac_cv_env_PYGTK_CFLAGS_set=
ac_cv_env_PYGTK_CFLAGS_value=
ac_cv_env_PYGTK_LIBS_set=
ac_cv_env_PYGTK_LIBS_value=
ac_cv_env_UBIQUITY_DEPENDS_CFLAGS_set=
ac_cv_env_UBIQUITY_DEPENDS_CFLAGS_value=
ac_cv_env_UBIQUITY_DEPENDS_LIBS_set=
ac_cv_env_UBIQUITY_DEPENDS_LIBS_value=
ac_cv_env_build_alias_set=
ac_cv_env_build_alias_value=
ac_cv_env_host_alias_set=
ac_cv_env_host_alias_value=
ac_cv_env_target_alias_set=
ac_cv_env_target_alias_value=
ac_cv_f77_compiler_gnu=no
ac_cv_header_dlfcn_h=yes
ac_cv_header_inttypes_h=yes
ac_cv_header_memory_h=yes
ac_cv_header_stdc=yes
ac_cv_header_stdint_h=yes
ac_cv_header_stdlib_h=yes
ac_cv_header_string_h=yes
ac_cv_header_strings_h=yes
ac_cv_header_sys_stat_h=yes
ac_cv_header_sys_types_h=yes
ac_cv_header_unistd_h=yes
ac_cv_host=i686-pc-linux-gnu
ac_cv_objext=o
ac_cv_path_EGREP='/bin/grep -E'
ac_cv_path_GREP=/bin/grep
ac_cv_path_install='/usr/bin/install -c'
ac_cv_path_mkdir=/bin/mkdir
ac_cv_prog_AWK=mawk
ac_cv_prog_CPP='gcc -E'
ac_cv_prog_CXXCPP='g++ -E'
ac_cv_prog_ac_ct_CC=gcc
ac_cv_prog_ac_ct_CXX=g++
ac_cv_prog_cc_c89=
ac_cv_prog_cc_g=yes
ac_cv_prog_cxx_g=yes
ac_cv_prog_f77_g=no
ac_cv_prog_make_make_set=yes
am_cv_CC_dependencies_compiler_type=gcc3
am_cv_CXX_dependencies_compiler_type=gcc3
lt_cv_deplibs_check_method=pass_all
lt_cv_file_magic_cmd='$MAGIC_CMD'
lt_cv_file_magic_test_file=
lt_cv_ld_reload_flag=-r
lt_cv_path_LD=/usr/bin/ld
lt_cv_path_NM='/usr/bin/nm -B'
lt_cv_path_SED=/bin/sed
lt_cv_prog_gnu_ld=yes
lt_cv_sys_global_symbol_pipe='sed -n -e '\''s/^.*[ 	]\([ABCDGIRSTW][ABCDGIRSTW]*\)[ 	][ 	]*\([_A-Za-z][_A-Za-z0-9]*\)$/\1 \2 \2/p'\'''
lt_cv_sys_global_symbol_to_c_name_address='sed -n -e '\''s/^: \([^ ]*\) $/  {\"\1\", (lt_ptr) 0},/p'\'' -e '\''s/^[BCDEGRST] \([^ ]*\) \([^ ]*\)$/  {"\2", (lt_ptr) \&\2},/p'\'''
lt_cv_sys_global_symbol_to_cdecl='sed -n -e '\''s/^. .* \(.*\)$/extern int \1;/p'\'''
lt_cv_sys_max_cmd_len=98304

## ----------------- ##
## Output variables. ##
## ----------------- ##

ACLOCAL='${SHELL} /tmp/ubiquity-1.8.7/build/missing --run aclocal-1.10'
ALL_LINGUAS=''
AMDEPBACKSLASH='\'
AMDEP_FALSE='#'
AMDEP_TRUE=''
AMTAR='${SHELL} /tmp/ubiquity-1.8.7/build/missing --run tar'
AR=''
AUTOCONF='${SHELL} /tmp/ubiquity-1.8.7/build/missing --run autoconf'
AUTOHEADER='${SHELL} /tmp/ubiquity-1.8.7/build/missing --run autoheader'
AUTOMAKE='${SHELL} /tmp/ubiquity-1.8.7/build/missing --run automake-1.10'
AWK='mawk'
CC='gcc'
CCDEPMODE='depmode=gcc3'
CFLAGS='-g -O2'
CPP='gcc -E'
CPPFLAGS=''
CXX='g++'
CXXCPP='g++ -E'
CXXDEPMODE='depmode=gcc3'
CXXFLAGS='-g -O2'
CYGPATH_W='echo'
DATADIRNAME=''
DEFS=''
DEPDIR='.deps'
DSYMUTIL=''
ECHO='echo'
ECHO_C=''
ECHO_N='-n'
ECHO_T=''
EGREP='/bin/grep -E'
EXEEXT=''
F77=''
FFLAGS='-g -O2'
GETTEXT_MACRO_VERSION=''
GLIB_GENMARSHAL=''
GMSGFMT=''
GMSGFMT_015=''
GREP='/bin/grep'
GTK_CFLAGS=''
GTK_LIBS=''
INSTALL_DATA='${INSTALL} -m 644'
INSTALL_PROGRAM='${INSTALL}'
INSTALL_SCRIPT='${INSTALL}'
INSTALL_STRIP_PROGRAM='$(install_sh) -c -s'
INTLLIBS=''
INTLTOOL_CAVES_RULE=''
INTLTOOL_DESKTOP_RULE=''
INTLTOOL_DIRECTORY_RULE=''
INTLTOOL_EXTRACT=''
INTLTOOL_KBD_RULE=''
INTLTOOL_KEYS_RULE=''
INTLTOOL_MERGE=''
INTLTOOL_OAF_RULE=''
INTLTOOL_PERL=''
INTLTOOL_POLICY_RULE=''
INTLTOOL_PONG_RULE=''
INTLTOOL_PROP_RULE=''
INTLTOOL_SCHEMAS_RULE=''
INTLTOOL_SERVER_RULE=''
INTLTOOL_SERVICE_RULE=''
INTLTOOL_SHEET_RULE=''
INTLTOOL_SOUNDLIST_RULE=''
INTLTOOL_THEME_RULE=''
INTLTOOL_UI_RULE=''
INTLTOOL_UPDATE=''
INTLTOOL_XAM_RULE=''
INTLTOOL_XML_NOMERGE_RULE=''
INTLTOOL_XML_RULE=''
INTL_MACOSX_LIBS=''
LDFLAGS='-Wl,-Bsymbolic-functions'
LIBICONV=''
LIBINTL=''
LIBOBJS=''
LIBS='conftstm.o'
LIBTOOL=''
LN_S='ln -s'
LTLIBICONV=''
LTLIBINTL=''
LTLIBOBJS=''
MAINT='#'
MAINTAINER_MODE_FALSE=''
MAINTAINER_MODE_TRUE='#'
MAKEINFO='${SHELL} /tmp/ubiquity-1.8.7/build/missing --run makeinfo'
MSGFMT=''
MSGFMT_015=''
MSGMERGE=''
NMEDIT=''
OBJEXT='o'
PACKAGE='ubiquity'
PACKAGE_BUGREPORT='https://launchpad.net/ubuntu/+source/ubiquity/+filebug'
PACKAGE_NAME='ubiquity'
PACKAGE_STRING='ubiquity 1.8.7'
PACKAGE_TARNAME='ubiquity'
PACKAGE_VERSION='1.8.7'
PATH_SEPARATOR=':'
PKG_CONFIG=''
POSUB=''
PYGTK_CFLAGS=''
PYGTK_CODEGEN=''
PYGTK_CODEGEN_FALSE=''
PYGTK_CODEGEN_TRUE=''
PYGTK_DEFSDIR=''
PYGTK_LIBS=''
PYTHON='python2.5'
PYTHON_EXEC_PREFIX=''
PYTHON_INCLUDES=''
PYTHON_PLATFORM=''
PYTHON_PREFIX=''
PYTHON_VERSION=''
RANLIB=''
SED='/bin/sed'
SET_MAKE=''
SHELL='/bin/bash'
STRIP=''
UBIQUITY_DEPENDS_CFLAGS=''
UBIQUITY_DEPENDS_LIBS=''
USE_NLS=''
VERSION='1.8.7'
XGETTEXT=''
XGETTEXT_015=''
XGETTEXT_EXTRA_OPTIONS=''
ac_ct_CC='gcc'
ac_ct_CXX='g++'
ac_ct_F77=''
am__fastdepCC_FALSE='#'
am__fastdepCC_TRUE=''
am__fastdepCXX_FALSE='#'
am__fastdepCXX_TRUE=''
am__include='include'
am__isrc=''
am__leading_dot='.'
am__quote=''
am__tar='${AMTAR} chof - "$$tardir"'
am__untar='${AMTAR} xf -'
bindir='${exec_prefix}/bin'
build='i686-pc-linux-gnu'
build_alias=''
build_cpu='i686'
build_os='linux-gnu'
build_vendor='pc'
datadir='${datarootdir}'
datarootdir='${prefix}/share'
docdir='${datarootdir}/doc/${PACKAGE_TARNAME}'
dvidir='${docdir}'
exec_prefix='NONE'
host='i686-pc-linux-gnu'
host_alias=''
host_cpu='i686'
host_os='linux-gnu'
host_vendor='pc'
htmldir='${docdir}'
includedir='${prefix}/include'
infodir='${datarootdir}/info'
install_sh='$(SHELL) /tmp/ubiquity-1.8.7/build/install-sh'
libdir='${exec_prefix}/lib'
libexecdir='${exec_prefix}/libexec'
localedir='${datarootdir}/locale'
localstatedir='${prefix}/var'
mandir='${datarootdir}/man'
mkdir_p='/bin/mkdir -p'
oldincludedir='/usr/include'
pdfdir='${docdir}'
pixmapsdir=''
pkgpyexecdir=''
pkgpythondir=''
prefix='/usr'
program_transform_name='s,x,x,'
psdir='${docdir}'
pyexecdir=''
pythondir=''
sbindir='${exec_prefix}/sbin'
sharedstatedir='${prefix}/com'
sysconfdir='${prefix}/etc'
target_alias=''

## ----------- ##
## confdefs.h. ##
## ----------- ##

#define PACKAGE_NAME "ubiquity"
#define PACKAGE_TARNAME "ubiquity"
#define PACKAGE_VERSION "1.8.7"
#define PACKAGE_STRING "ubiquity 1.8.7"
#define PACKAGE_BUGREPORT "https://launchpad.net/ubuntu/+source/ubiquity/+filebug"
#define PACKAGE "ubiquity"
#define VERSION "1.8.7"
#define STDC_HEADERS 1
#define HAVE_SYS_TYPES_H 1
#define HAVE_SYS_STAT_H 1
#define HAVE_STDLIB_H 1
#define HAVE_STRING_H 1
#define HAVE_MEMORY_H 1
#define HAVE_STRINGS_H 1
#define HAVE_INTTYPES_H 1
#define HAVE_STDINT_H 1
#define HAVE_UNISTD_H 1
#define HAVE_DLFCN_H 1

configure: caught signal 2
configure: exit 1
