This file contains any messages produced by compilers while
running configure, to aid debugging if configure makes a mistake.

It was created by ubiquity configure 1.8.7, which was
generated by GNU Autoconf 2.61.  Invocation command line was

  $ ./configure --prefix=/usr

## --------- ##
## Platform. ##
## --------- ##

hostname = kara
uname -m = i686
uname -r = 2.6.24-16-generic
uname -s = Linux
uname -v = #1 SMP Thu Apr 10 13:23:42 UTC 2008

/usr/bin/uname -p = unknown
/bin/uname -X     = unknown

/bin/arch              = unknown
/usr/bin/arch -k       = unknown
/usr/convex/getsysinfo = unknown
/usr/bin/hostinfo      = unknown
/bin/machine           = unknown
/usr/bin/oslevel       = unknown
/bin/universe          = unknown

PATH: /usr/sbin
PATH: /usr/bin
PATH: /sbin
PATH: /bin
PATH: /usr/bin/X11


## ----------- ##
## Core tests. ##
## ----------- ##

configure:2075: checking for a BSD-compatible install
configure:2131: result: /usr/bin/install -c
configure:2142: checking whether build environment is sane
configure:2185: result: yes
configure:2213: checking for a thread-safe mkdir -p
configure:2252: result: /bin/mkdir -p
configure:2265: checking for gawk
configure:2281: found /usr/bin/gawk
configure:2292: result: gawk
configure:2303: checking whether make sets $(MAKE)
configure:2324: result: yes
configure:2516: checking whether to enable maintainer-specific portions of Makefiles
configure:2525: result: no
configure:2617: checking build system type
configure:2635: result: i686-pc-linux-gnu
configure:2657: checking host system type
configure:2672: result: i686-pc-linux-gnu
configure:2706: checking for style of include used by make
configure:2734: result: GNU
configure:2804: checking for gcc
configure:2820: found /usr/bin/gcc
configure:2831: result: gcc
configure:3069: checking for C compiler version
configure:3076: gcc --version >&5
gcc (GCC) 4.2.3 (Ubuntu 4.2.3-2ubuntu7)
Copyright (C) 2007 Free Software Foundation, Inc.
This is free software; see the source for copying conditions.  There is NO
warranty; not even for MERCHANTABILITY or FITNESS FOR A PARTICULAR PURPOSE.

configure:3079: $? = 0
configure:3086: gcc -v >&5
Using built-in specs.
Target: i486-linux-gnu
Configured with: ../src/configure -v --enable-languages=c,c++,fortran,objc,obj-c++,treelang --prefix=/usr --enable-shared --with-system-zlib --libexecdir=/usr/lib --without-included-gettext --enable-threads=posix --enable-nls --with-gxx-include-dir=/usr/include/c++/4.2 --program-suffix=-4.2 --enable-clocale=gnu --enable-libstdcxx-debug --enable-objc-gc --enable-mpfr --enable-targets=all --enable-checking=release --build=i486-linux-gnu --host=i486-linux-gnu --target=i486-linux-gnu
Thread model: posix
gcc version 4.2.3 (Ubuntu 4.2.3-2ubuntu7)
configure:3089: $? = 0
configure:3096: gcc -V >&5
gcc: '-V' option must have argument
configure:3099: $? = 1
configure:3122: checking for C compiler default output file name
configure:3149: gcc    conftest.c  >&5
configure:3152: $? = 0
configure:3190: result: a.out
configure:3207: checking whether the C compiler works
configure:3217: ./a.out
configure:3220: $? = 0
configure:3237: result: yes
configure:3244: checking whether we are cross compiling
configure:3246: result: no
configure:3249: checking for suffix of executables
configure:3256: gcc -o conftest    conftest.c  >&5
configure:3259: $? = 0
configure:3283: result: 
configure:3289: checking for suffix of object files
configure:3315: gcc -c   conftest.c >&5
configure:3318: $? = 0
configure:3341: result: o
configure:3345: checking whether we are using the GNU C compiler
configure:3374: gcc -c   conftest.c >&5
configure:3380: $? = 0
configure:3397: result: yes
configure:3402: checking whether gcc accepts -g
configure:3432: gcc -c -g  conftest.c >&5
configure:3438: $? = 0
configure:3537: result: yes
configure:3554: checking for gcc option to accept ISO C89
configure:3628: gcc  -c -g -O2  conftest.c >&5
configure:3634: $? = 0
configure:3657: result: none needed
configure:3677: checking dependency style of gcc
configure:3768: result: gcc3
configure:3783: checking for a sed that does not truncate output
configure:3839: result: /bin/sed
configure:3842: checking for grep that handles long lines and -e
configure:3916: result: /bin/grep
configure:3921: checking for egrep
configure:3999: result: /bin/grep -E
configure:4015: checking for ld used by gcc
configure:4082: result: /usr/bin/ld
configure:4091: checking if the linker (/usr/bin/ld) is GNU ld
configure:4106: result: yes
configure:4111: checking for /usr/bin/ld option to reload object files
configure:4118: result: -r
configure:4136: checking for BSD-compatible nm
configure:4185: result: /usr/bin/nm -B
configure:4189: checking whether ln -s works
configure:4193: result: yes
configure:4200: checking how to recognize dependent libraries
configure:4386: result: pass_all
configure:4631: checking how to run the C preprocessor
configure:4671: gcc -E  conftest.c
configure:4677: $? = 0
configure:4708: gcc -E  conftest.c
conftest.c:10:28: error: ac_nonexistent.h: No such file or directory
configure:4714: $? = 1
configure: failed program was:
| /* confdefs.h.  */
| #define PACKAGE_NAME "ubiquity"
| #define PACKAGE_TARNAME "ubiquity"
| #define PACKAGE_VERSION "1.8.7"
| #define PACKAGE_STRING "ubiquity 1.8.7"
| #define PACKAGE_BUGREPORT "https://launchpad.net/ubuntu/+source/ubiquity/+filebug"
| #define PACKAGE "ubiquity"
| #define VERSION "1.8.7"
| /* end confdefs.h.  */
| #include <ac_nonexistent.h>
configure:4747: result: gcc -E
configure:4776: gcc -E  conftest.c
configure:4782: $? = 0
configure:4813: gcc -E  conftest.c
conftest.c:10:28: error: ac_nonexistent.h: No such file or directory
configure:4819: $? = 1
configure: failed program was:
| /* confdefs.h.  */
| #define PACKAGE_NAME "ubiquity"
| #define PACKAGE_TARNAME "ubiquity"
| #define PACKAGE_VERSION "1.8.7"
| #define PACKAGE_STRING "ubiquity 1.8.7"
| #define PACKAGE_BUGREPORT "https://launchpad.net/ubuntu/+source/ubiquity/+filebug"
| #define PACKAGE "ubiquity"
| #define VERSION "1.8.7"
| /* end confdefs.h.  */
| #include <ac_nonexistent.h>
configure:4857: checking for ANSI C header files
configure:4887: gcc -c -g -O2  conftest.c >&5
configure:4893: $? = 0
configure:4992: gcc -o conftest -g -O2   conftest.c  >&5
configure:4995: $? = 0
configure:5001: ./conftest
configure:5004: $? = 0
configure:5021: result: yes
configure:5045: checking for sys/types.h
configure:5066: gcc -c -g -O2  conftest.c >&5
configure:5072: $? = 0
configure:5088: result: yes
configure:5045: checking for sys/stat.h
configure:5066: gcc -c -g -O2  conftest.c >&5
configure:5072: $? = 0
configure:5088: result: yes
configure:5045: checking for stdlib.h
configure:5066: gcc -c -g -O2  conftest.c >&5
configure:5072: $? = 0
configure:5088: result: yes
configure:5045: checking for string.h
configure:5066: gcc -c -g -O2  conftest.c >&5
configure:5072: $? = 0
configure:5088: result: yes
configure:5045: checking for memory.h
configure:5066: gcc -c -g -O2  conftest.c >&5
configure:5072: $? = 0
configure:5088: result: yes
configure:5045: checking for strings.h
configure:5066: gcc -c -g -O2  conftest.c >&5
configure:5072: $? = 0
configure:5088: result: yes
configure:5045: checking for inttypes.h
configure:5066: gcc -c -g -O2  conftest.c >&5
configure:5072: $? = 0
configure:5088: result: yes
configure:5045: checking for stdint.h
configure:5066: gcc -c -g -O2  conftest.c >&5
configure:5072: $? = 0
configure:5088: result: yes
configure:5045: checking for unistd.h
configure:5066: gcc -c -g -O2  conftest.c >&5
configure:5072: $? = 0
configure:5088: result: yes
configure:5115: checking dlfcn.h usability
configure:5132: gcc -c -g -O2  conftest.c >&5
configure:5138: $? = 0
configure:5152: result: yes
configure:5156: checking dlfcn.h presence
configure:5171: gcc -E  conftest.c
configure:5177: $? = 0
configure:5191: result: yes
configure:5224: checking for dlfcn.h
configure:5232: result: yes
configure:5303: checking for g++
configure:5319: found /usr/bin/g++
configure:5330: result: g++
configure:5361: checking for C++ compiler version
configure:5368: g++ --version >&5
g++ (GCC) 4.2.3 (Ubuntu 4.2.3-2ubuntu7)
Copyright (C) 2007 Free Software Foundation, Inc.
This is free software; see the source for copying conditions.  There is NO
warranty; not even for MERCHANTABILITY or FITNESS FOR A PARTICULAR PURPOSE.

configure:5371: $? = 0
configure:5378: g++ -v >&5
Using built-in specs.
Target: i486-linux-gnu
Configured with: ../src/configure -v --enable-languages=c,c++,fortran,objc,obj-c++,treelang --prefix=/usr --enable-shared --with-system-zlib --libexecdir=/usr/lib --without-included-gettext --enable-threads=posix --enable-nls --with-gxx-include-dir=/usr/include/c++/4.2 --program-suffix=-4.2 --enable-clocale=gnu --enable-libstdcxx-debug --enable-objc-gc --enable-mpfr --enable-targets=all --enable-checking=release --build=i486-linux-gnu --host=i486-linux-gnu --target=i486-linux-gnu
Thread model: posix
gcc version 4.2.3 (Ubuntu 4.2.3-2ubuntu7)
configure:5381: $? = 0
configure:5388: g++ -V >&5
g++: '-V' option must have argument
configure:5391: $? = 1
configure:5394: checking whether we are using the GNU C++ compiler
configure:5423: g++ -c   conftest.cpp >&5
configure:5429: $? = 0
configure:5446: result: yes
configure:5451: checking whether g++ accepts -g
configure:5481: g++ -c -g  conftest.cpp >&5
configure:5487: $? = 0
configure:5586: result: yes
configure:5611: checking dependency style of g++
configure:5702: result: gcc3
configure:5727: checking how to run the C++ preprocessor
configure:5763: g++ -E  conftest.cpp
configure:5769: $? = 0
configure:5800: g++ -E  conftest.cpp
conftest.cpp:21:28: error: ac_nonexistent.h: No such file or directory
configure:5806: $? = 1
configure: failed program was:
| /* confdefs.h.  */
| #define PACKAGE_NAME "ubiquity"
| #define PACKAGE_TARNAME "ubiquity"
| #define PACKAGE_VERSION "1.8.7"
| #define PACKAGE_STRING "ubiquity 1.8.7"
| #define PACKAGE_BUGREPORT "https://launchpad.net/ubuntu/+source/ubiquity/+filebug"
| #define PACKAGE "ubiquity"
| #define VERSION "1.8.7"
| #define STDC_HEADERS 1
| #define HAVE_SYS_TYPES_H 1
| #define HAVE_SYS_STAT_H 1
| #define HAVE_STDLIB_H 1
| #define HAVE_STRING_H 1
| #define HAVE_MEMORY_H 1
| #define HAVE_STRINGS_H 1
| #define HAVE_INTTYPES_H 1
| #define HAVE_STDINT_H 1
| #define HAVE_UNISTD_H 1
| #define HAVE_DLFCN_H 1
| /* end confdefs.h.  */
| #include <ac_nonexistent.h>
configure:5839: result: g++ -E
configure:5868: g++ -E  conftest.cpp
configure:5874: $? = 0
configure:5905: g++ -E  conftest.cpp
conftest.cpp:21:28: error: ac_nonexistent.h: No such file or directory
configure:5911: $? = 1
configure: failed program was:
| /* confdefs.h.  */
| #define PACKAGE_NAME "ubiquity"
| #define PACKAGE_TARNAME "ubiquity"
| #define PACKAGE_VERSION "1.8.7"
| #define PACKAGE_STRING "ubiquity 1.8.7"
| #define PACKAGE_BUGREPORT "https://launchpad.net/ubuntu/+source/ubiquity/+filebug"
| #define PACKAGE "ubiquity"
| #define VERSION "1.8.7"
| #define STDC_HEADERS 1
| #define HAVE_SYS_TYPES_H 1
| #define HAVE_SYS_STAT_H 1
| #define HAVE_STDLIB_H 1
| #define HAVE_STRING_H 1
| #define HAVE_MEMORY_H 1
| #define HAVE_STRINGS_H 1
| #define HAVE_INTTYPES_H 1
| #define HAVE_STDINT_H 1
| #define HAVE_UNISTD_H 1
| #define HAVE_DLFCN_H 1
| /* end confdefs.h.  */
| #include <ac_nonexistent.h>
configure:6004: checking for g77
configure:6034: result: no
configure:6004: checking for xlf
configure:6034: result: no
configure:6004: checking for f77
configure:6034: result: no
configure:6004: checking for frt
configure:6034: result: no
configure:6004: checking for pgf77
configure:6034: result: no
configure:6004: checking for cf77
configure:6034: result: no
configure:6004: checking for fort77
configure:6034: result: no
configure:6004: checking for fl32
configure:6034: result: no
configure:6004: checking for af77
configure:6034: result: no
configure:6004: checking for xlf90
configure:6034: result: no
configure:6004: checking for f90
configure:6034: result: no
configure:6004: checking for pgf90
configure:6034: result: no
configure:6004: checking for pghpf
configure:6034: result: no
configure:6004: checking for epcf90
configure:6034: result: no
configure:6004: checking for gfortran
configure:6034: result: no
configure:6004: checking for g95
configure:6034: result: no
configure:6004: checking for xlf95
configure:6034: result: no
configure:6004: checking for f95
configure:6034: result: no
configure:6004: checking for fort
configure:6034: result: no
configure:6004: checking for ifort
configure:6034: result: no
configure:6004: checking for ifc
configure:6034: result: no
configure:6004: checking for efc
configure:6034: result: no
configure:6004: checking for pgf95
configure:6034: result: no
configure:6004: checking for lf95
configure:6034: result: no
configure:6004: checking for ftn
configure:6034: result: no
configure:6061: checking for Fortran 77 compiler version
configure:6068:  --version >&5
./configure: line 6069: --version: command not found
configure:6071: $? = 127
configure:6078:  -v >&5
./configure: line 6079: -v: command not found
configure:6081: $? = 127
configure:6088:  -V >&5
./configure: line 6089: -V: command not found
configure:6091: $? = 127
configure:6099: checking whether we are using the GNU Fortran 77 compiler
configure:6118:  -c  conftest.F >&5
./configure: line 6119: -c: command not found
configure:6124: $? = 127
configure: failed program was:
|       program main
| #ifndef __GNUC__
|        choke me
| #endif
| 
|       end
configure:6141: result: no
configure:6147: checking whether  accepts -g
configure:6164:  -c -g conftest.f >&5
./configure: line 6165: -c: command not found
configure:6170: $? = 127
configure: failed program was:
|       program main
| 
|       end
configure:6186: result: no
configure:6215: checking the maximum length of command line arguments
configure:6327: result: 98304
configure:6339: checking command to parse /usr/bin/nm -B output from gcc object
configure:6444: gcc -c -g -O2  conftest.c >&5
configure:6447: $? = 0
configure:6451: /usr/bin/nm -B conftest.o \| sed -n -e 's/^.*[ 	]\([ABCDGIRSTW][ABCDGIRSTW]*\)[ 	][ 	]*\([_A-Za-z][_A-Za-z0-9]*\)$/\1 \2 \2/p' \> conftest.nm
configure:6454: $? = 0
configure:6506: gcc -o conftest -g -O2   conftest.c conftstm.o >&5
configure:6509: $? = 0
configure:6547: result: ok
configure:6551: checking for objdir
configure:6566: result: .libs
configure:6658: checking for ar
configure:6674: found /usr/bin/ar
configure:6685: result: ar
configure:6754: checking for ranlib
configure:6770: found /usr/bin/ranlib
configure:6781: result: ranlib
configure:6850: checking for strip
configure:6866: found /usr/bin/strip
configure:6877: result: strip
configure:7475: checking if gcc supports -fno-rtti -fno-exceptions
configure:7493: gcc -c -g -O2  -fno-rtti -fno-exceptions conftest.c >&5
cc1: warning: command line option "-fno-rtti" is valid for C++/ObjC++ but not for C
configure:7497: $? = 0
configure:7510: result: no
configure:7525: checking for gcc option to produce PIC
configure:7757: result: -fPIC
configure:7765: checking if gcc PIC flag -fPIC works
configure:7783: gcc -c -g -O2  -fPIC -DPIC conftest.c >&5
configure:7787: $? = 0
configure:7800: result: yes
configure:7828: checking if gcc static flag -static works
configure:7856: result: yes
configure:7866: checking if gcc supports -c -o file.o
configure:7887: gcc -c -g -O2  -o out/conftest2.o conftest.c >&5
configure:7891: $? = 0
configure:7913: result: yes
configure:7939: checking whether the gcc linker (/usr/bin/ld) supports shared libraries
configure:8920: result: yes
configure:8941: checking whether -lc should be explicitly linked in
configure:8946: gcc -c -g -O2  conftest.c >&5
configure:8949: $? = 0
configure:8964: gcc -shared conftest.o  -v -Wl,-soname -Wl,conftest -o conftest 2\>\&1 \| grep  -lc  \>/dev/null 2\>\&1
configure:8967: $? = 0
configure:8979: result: no
configure:8987: checking dynamic linker characteristics
configure:9601: result: GNU/Linux ld.so
configure:9625: checking how to hardcode library paths into programs
configure:9650: result: immediate
configure:9664: checking whether stripping libraries is possible
configure:9669: result: yes
configure:10471: checking if libtool supports shared libraries
configure:10473: result: yes
configure:10476: checking whether to build shared libraries
configure:10497: result: yes
configure:10500: checking whether to build static libraries
configure:10504: result: yes
configure:10598: creating libtool
configure:11191: checking for ld used by g++
configure:11258: result: /usr/bin/ld
configure:11267: checking if the linker (/usr/bin/ld) is GNU ld
configure:11282: result: yes
configure:11333: checking whether the g++ linker (/usr/bin/ld) supports shared libraries
configure:12279: result: yes
configure:12296: g++ -c -g -O2  conftest.cpp >&5
configure:12299: $? = 0
configure:12455: checking for g++ option to produce PIC
configure:12739: result: -fPIC
configure:12747: checking if g++ PIC flag -fPIC works
configure:12765: g++ -c -g -O2  -fPIC -DPIC conftest.cpp >&5
configure:12769: $? = 0
configure:12782: result: yes
configure:12810: checking if g++ static flag -static works
configure:12838: result: yes
configure:12848: checking if g++ supports -c -o file.o
configure:12869: g++ -c -g -O2  -o out/conftest2.o conftest.cpp >&5
configure:12873: $? = 0
configure:12895: result: yes
configure:12921: checking whether the g++ linker (/usr/bin/ld) supports shared libraries
configure:12950: result: yes
configure:13017: checking dynamic linker characteristics
configure:13579: result: GNU/Linux ld.so
configure:13603: checking how to hardcode library paths into programs
configure:13628: result: immediate
configure:19877: checking whether NLS is requested
configure:19886: result: yes
configure:19927: checking for msgfmt
configure: trying /usr/bin/msgfmt...
0 translated messages.
configure:19959: result: /usr/bin/msgfmt
configure:19968: checking for gmsgfmt
configure:19999: result: /usr/bin/msgfmt
configure:20050: checking for xgettext
configure: trying /usr/bin/xgettext...
/usr/bin/xgettext: warning: file `/dev/null' extension `' is unknown; will try C
configure:20082: result: /usr/bin/xgettext
configure:20128: checking for msgmerge
configure: trying /usr/bin/msgmerge...
configure:20159: result: /usr/bin/msgmerge
configure:20216: checking for ld used by GCC
configure:20280: result: /usr/bin/ld
configure:20289: checking if the linker (/usr/bin/ld) is GNU ld
configure:20302: result: yes
configure:20309: checking for shared library run path origin
configure:20322: result: done
configure:20823: checking for CFPreferencesCopyAppValue
configure:20851: gcc -o conftest -g -O2   conftest.c  -Wl,-framework -Wl,CoreFoundation >&5
conftest.c:21:42: error: CoreFoundation/CFPreferences.h: No such file or directory
conftest.c: In function 'main':
conftest.c:25: error: 'NULL' undeclared (first use in this function)
conftest.c:25: error: (Each undeclared identifier is reported only once
conftest.c:25: error: for each function it appears in.)
configure:20857: $? = 1
configure: failed program was:
| /* confdefs.h.  */
| #define PACKAGE_NAME "ubiquity"
| #define PACKAGE_TARNAME "ubiquity"
| #define PACKAGE_VERSION "1.8.7"
| #define PACKAGE_STRING "ubiquity 1.8.7"
| #define PACKAGE_BUGREPORT "https://launchpad.net/ubuntu/+source/ubiquity/+filebug"
| #define PACKAGE "ubiquity"
| #define VERSION "1.8.7"
| #define STDC_HEADERS 1
| #define HAVE_SYS_TYPES_H 1
| #define HAVE_SYS_STAT_H 1
| #define HAVE_STDLIB_H 1
| #define HAVE_STRING_H 1
| #define HAVE_MEMORY_H 1
| #define HAVE_STRINGS_H 1
| #define HAVE_INTTYPES_H 1
| #define HAVE_STDINT_H 1
| #define HAVE_UNISTD_H 1
| #define HAVE_DLFCN_H 1
| /* end confdefs.h.  */
| #include <CoreFoundation/CFPreferences.h>
| int
| main ()
| {
| CFPreferencesCopyAppValue(NULL, NULL)
|   ;
|   return 0;
| }
configure:20875: result: no
configure:20884: checking for CFLocaleCopyCurrent
configure:20912: gcc -o conftest -g -O2   conftest.c  -Wl,-framework -Wl,CoreFoundation >&5
conftest.c:21:37: error: CoreFoundation/CFLocale.h: No such file or directory
configure:20918: $? = 1
configure: failed program was:
| /* confdefs.h.  */
| #define PACKAGE_NAME "ubiquity"
| #define PACKAGE_TARNAME "ubiquity"
| #define PACKAGE_VERSION "1.8.7"
| #define PACKAGE_STRING "ubiquity 1.8.7"
| #define PACKAGE_BUGREPORT "https://launchpad.net/ubuntu/+source/ubiquity/+filebug"
| #define PACKAGE "ubiquity"
| #define VERSION "1.8.7"
| #define STDC_HEADERS 1
| #define HAVE_SYS_TYPES_H 1
| #define HAVE_SYS_STAT_H 1
| #define HAVE_STDLIB_H 1
| #define HAVE_STRING_H 1
| #define HAVE_MEMORY_H 1
| #define HAVE_STRINGS_H 1
| #define HAVE_INTTYPES_H 1
| #define HAVE_STDINT_H 1
| #define HAVE_UNISTD_H 1
| #define HAVE_DLFCN_H 1
| /* end confdefs.h.  */
| #include <CoreFoundation/CFLocale.h>
| int
| main ()
| {
| CFLocaleCopyCurrent();
|   ;
|   return 0;
| }
configure:20936: result: no
configure:20987: checking for GNU gettext in libc
configure:21017: gcc -o conftest -g -O2   conftest.c  >&5
configure:21023: $? = 0
configure:21041: result: yes
configure:21925: checking whether to use NLS
configure:21927: result: yes
configure:21930: checking where the gettext function comes from
configure:21941: result: libc
configure:22074: checking for xgettext
configure:22104: result: /usr/bin/xgettext
configure:22114: checking for msgmerge
configure:22144: result: /usr/bin/msgmerge
configure:22154: checking for msgfmt
configure:22184: result: /usr/bin/msgfmt
configure:22216: checking for perl
configure:22234: found /usr/bin/perl
configure:22246: result: /usr/bin/perl
configure:22265: checking for XML::Parser
configure:22268: result: ok
configure:22305: gcc -o conftest -g -O2   conftest.c  >&5
configure:22311: $? = 0
configure:22431: checking for library containing strerror
configure:22472: gcc -o conftest -g -O2   conftest.c  >&5
configure:22478: $? = 0
configure:22506: result: none required
configure:22562: checking for gcc
configure:22589: result: gcc
configure:22827: checking for C compiler version
configure:22834: gcc --version >&5
gcc (GCC) 4.2.3 (Ubuntu 4.2.3-2ubuntu7)
Copyright (C) 2007 Free Software Foundation, Inc.
This is free software; see the source for copying conditions.  There is NO
warranty; not even for MERCHANTABILITY or FITNESS FOR A PARTICULAR PURPOSE.

configure:22837: $? = 0
configure:22844: gcc -v >&5
Using built-in specs.
Target: i486-linux-gnu
Configured with: ../src/configure -v --enable-languages=c,c++,fortran,objc,obj-c++,treelang --prefix=/usr --enable-shared --with-system-zlib --libexecdir=/usr/lib --without-included-gettext --enable-threads=posix --enable-nls --with-gxx-include-dir=/usr/include/c++/4.2 --program-suffix=-4.2 --enable-clocale=gnu --enable-libstdcxx-debug --enable-objc-gc --enable-mpfr --enable-targets=all --enable-checking=release --build=i486-linux-gnu --host=i486-linux-gnu --target=i486-linux-gnu
Thread model: posix
gcc version 4.2.3 (Ubuntu 4.2.3-2ubuntu7)
configure:22847: $? = 0
configure:22854: gcc -V >&5
gcc: '-V' option must have argument
configure:22857: $? = 1
configure:22860: checking whether we are using the GNU C compiler
configure:22912: result: yes
configure:22917: checking whether gcc accepts -g
configure:23052: result: yes
configure:23069: checking for gcc option to accept ISO C89
configure:23172: result: none needed
configure:23192: checking dependency style of gcc
configure:23283: result: gcc3
configure:23298: checking for ANSI C header files
configure:23462: result: yes
configure:23485: checking for a BSD-compatible install
configure:23541: result: /usr/bin/install -c
configure:23552: checking whether make sets $(MAKE)
configure:23573: result: yes
configure:23591: checking whether python2.5 version >= 2.4
configure:23600: python2.5 -c import sys, string # split strings by '.' and convert to numeric. Append some zeros # because we need at least 4 digits for the hex conversion. minver = map(int, string.split('2.4', '.')) + [0, 0, 0] minverhex = 0 for i in xrange(0, 4): minverhex = (minverhex << 8) + minver[i] sys.exit(sys.hexversion < minverhex)
configure:23603: $? = 0
configure:23605: result: yes
configure:23700: checking for python2.5 version
configure:23707: result: 2.5
configure:23719: checking for python2.5 platform
configure:23726: result: linux2
configure:23733: checking for python2.5 script directory
configure:23741: result: ${prefix}/lib/python2.5/site-packages
configure:23750: checking for python2.5 extension module directory
configure:23758: result: ${exec_prefix}/lib/python2.5/site-packages
configure:23772: checking for headers required to compile python extensions
configure:23796: gcc -E  -I/usr/include/python2.5 conftest.c
configure:23802: $? = 0
configure:23807: result: found
configure:23875: checking for pkg-config
configure:23893: found /usr/bin/pkg-config
configure:23905: result: /usr/bin/pkg-config
configure:23934: checking pkg-config is at least version 0.9.0
configure:23937: result: yes
configure:23948: checking for PYGTK
configure:23956: $PKG_CONFIG --exists --print-errors "gtk+-2.0 >= $GTK_REQUIRED pygtk-2.0"
configure:23959: $? = 0
configure:23974: $PKG_CONFIG --exists --print-errors "gtk+-2.0 >= $GTK_REQUIRED pygtk-2.0"
configure:23977: $? = 0
configure:24053: result: yes
configure:24061: checking for pygtk-codegen-2.0
configure:24079: found /usr/bin/pygtk-codegen-2.0
configure:24092: result: /usr/bin/pygtk-codegen-2.0
configure:24116: checking for pygtk defs
configure:24120: result: /usr/share/pygtk/2.0/defs
configure:24125: checking for glib-genmarshal
configure:24143: found /usr/bin/glib-genmarshal
configure:24155: result: /usr/bin/glib-genmarshal
configure:24186: checking for pkg-config
configure:24217: result: /usr/bin/pkg-config
configure:24239: checking for GTK+ - version >= 2.10.0
configure:24359: gcc -o conftest -g -O2 -I/usr/include/gtk-2.0 -I/usr/lib/gtk-2.0/include -I/usr/include/atk-1.0 -I/usr/include/cairo -I/usr/include/pango-1.0 -I/usr/include/glib-2.0 -I/usr/lib/glib-2.0/include -I/usr/include/freetype2 -I/usr/include/libpng12 -I/usr/include/pixman-1     conftest.c -lgtk-x11-2.0 -lgdk-x11-2.0 -latk-1.0 -lgdk_pixbuf-2.0 -lm -lpangocairo-1.0 -lpango-1.0 -lcairo -lgobject-2.0 -lgmodule-2.0 -ldl -lglib-2.0    >&5
configure:24362: $? = 0
configure:24368: ./conftest
configure:24371: $? = 0
configure:24391: result: yes (version 2.12.9)
configure:24479: checking for UBIQUITY_DEPENDS
configure:24490: $PKG_CONFIG --exists --print-errors "
	gtk+-2.0 >= $GTK_REQUIRED
	libart-2.0
	"
configure:24496: $? = 0
configure:24517: $PKG_CONFIG --exists --print-errors "
	gtk+-2.0 >= $GTK_REQUIRED
	libart-2.0
	"
configure:24523: $? = 0
configure:24614: result: yes
configure:24779: creating ./config.status

## ---------------------- ##
## Running config.status. ##
## ---------------------- ##

This file was extended by ubiquity config.status 1.8.7, which was
generated by GNU Autoconf 2.61.  Invocation command line was

  CONFIG_FILES    = 
  CONFIG_HEADERS  = 
  CONFIG_LINKS    = 
  CONFIG_COMMANDS = 
  $ ./config.status 

on kara

config.status:751: creating src/Makefile
config.status:751: creating src/cut-and-paste/Makefile
config.status:751: creating src/cut-and-paste/e-map/Makefile
config.status:751: creating Makefile
config.status:751: creating desktop/Makefile
config.status:751: creating pixmaps/Makefile
config.status:751: creating po/Makefile.in
config.status:751: creating config.h
config.status:1030: executing depfiles commands
config.status:1030: executing po-directories commands
config.status:1030: executing intltool commands
config.status:1030: executing po/stamp-it commands

## ---------------- ##
## Cache variables. ##
## ---------------- ##

ac_cv_build=i686-pc-linux-gnu
ac_cv_c_compiler_gnu=yes
ac_cv_cxx_compiler_gnu=yes
ac_cv_env_CCC_set=
ac_cv_env_CCC_value=
ac_cv_env_CC_set=
ac_cv_env_CC_value=
ac_cv_env_CFLAGS_set=
ac_cv_env_CFLAGS_value=
ac_cv_env_CPPFLAGS_set=
ac_cv_env_CPPFLAGS_value=
ac_cv_env_CPP_set=
ac_cv_env_CPP_value=
ac_cv_env_CXXCPP_set=
ac_cv_env_CXXCPP_value=
ac_cv_env_CXXFLAGS_set=
ac_cv_env_CXXFLAGS_value=
ac_cv_env_CXX_set=
ac_cv_env_CXX_value=
ac_cv_env_F77_set=
ac_cv_env_F77_value=
ac_cv_env_FFLAGS_set=
ac_cv_env_FFLAGS_value=
ac_cv_env_LDFLAGS_set=
ac_cv_env_LDFLAGS_value=
ac_cv_env_LIBS_set=
ac_cv_env_LIBS_value=
ac_cv_env_PKG_CONFIG_set=
ac_cv_env_PKG_CONFIG_value=
ac_cv_env_PYGTK_CFLAGS_set=
ac_cv_env_PYGTK_CFLAGS_value=
ac_cv_env_PYGTK_LIBS_set=
ac_cv_env_PYGTK_LIBS_value=
ac_cv_env_UBIQUITY_DEPENDS_CFLAGS_set=
ac_cv_env_UBIQUITY_DEPENDS_CFLAGS_value=
ac_cv_env_UBIQUITY_DEPENDS_LIBS_set=
ac_cv_env_UBIQUITY_DEPENDS_LIBS_value=
ac_cv_env_build_alias_set=
ac_cv_env_build_alias_value=
ac_cv_env_host_alias_set=
ac_cv_env_host_alias_value=
ac_cv_env_target_alias_set=
ac_cv_env_target_alias_value=
ac_cv_f77_compiler_gnu=no
ac_cv_header_dlfcn_h=yes
ac_cv_header_inttypes_h=yes
ac_cv_header_memory_h=yes
ac_cv_header_stdc=yes
ac_cv_header_stdint_h=yes
ac_cv_header_stdlib_h=yes
ac_cv_header_string_h=yes
ac_cv_header_strings_h=yes
ac_cv_header_sys_stat_h=yes
ac_cv_header_sys_types_h=yes
ac_cv_header_unistd_h=yes
ac_cv_host=i686-pc-linux-gnu
ac_cv_objext=o
ac_cv_path_EGREP='/bin/grep -E'
ac_cv_path_GLIB_GENMARSHAL=/usr/bin/glib-genmarshal
ac_cv_path_GMSGFMT=/usr/bin/msgfmt
ac_cv_path_GREP=/bin/grep
ac_cv_path_INTLTOOL_PERL=/usr/bin/perl
ac_cv_path_MSGFMT=/usr/bin/msgfmt
ac_cv_path_MSGMERGE=/usr/bin/msgmerge
ac_cv_path_PKG_CONFIG=/usr/bin/pkg-config
ac_cv_path_PYGTK_CODEGEN=/usr/bin/pygtk-codegen-2.0
ac_cv_path_XGETTEXT=/usr/bin/xgettext
ac_cv_path_ac_pt_PKG_CONFIG=/usr/bin/pkg-config
ac_cv_path_install='/usr/bin/install -c'
ac_cv_path_mkdir=/bin/mkdir
ac_cv_prog_AWK=gawk
ac_cv_prog_CPP='gcc -E'
ac_cv_prog_CXXCPP='g++ -E'
ac_cv_prog_ac_ct_AR=ar
ac_cv_prog_ac_ct_CC=gcc
ac_cv_prog_ac_ct_CXX=g++
ac_cv_prog_ac_ct_RANLIB=ranlib
ac_cv_prog_ac_ct_STRIP=strip
ac_cv_prog_cc_c89=
ac_cv_prog_cc_g=yes
ac_cv_prog_cxx_g=yes
ac_cv_prog_f77_g=no
ac_cv_prog_make_make_set=yes
ac_cv_search_strerror='none required'
acl_cv_hardcode_direct=no
acl_cv_hardcode_libdir_flag_spec='${wl}-rpath ${wl}$libdir'
acl_cv_hardcode_libdir_separator=
acl_cv_hardcode_minus_L=no
acl_cv_libext=a
acl_cv_libname_spec='lib$name'
acl_cv_library_names_spec='$libname$shrext'
acl_cv_path_LD=/usr/bin/ld
acl_cv_prog_gnu_ld=yes
acl_cv_rpath=done
acl_cv_shlibext=so
acl_cv_wl=-Wl,
am_cv_CC_dependencies_compiler_type=gcc3
am_cv_CXX_dependencies_compiler_type=gcc3
am_cv_python_platform=linux2
am_cv_python_pyexecdir='${exec_prefix}/lib/python2.5/site-packages'
am_cv_python_pythondir='${prefix}/lib/python2.5/site-packages'
am_cv_python_version=2.5
gt_cv_func_CFLocaleCopyCurrent=no
gt_cv_func_CFPreferencesCopyAppValue=no
gt_cv_func_gnugettext1_libc=yes
lt_cv_deplibs_check_method=pass_all
lt_cv_file_magic_cmd='$MAGIC_CMD'
lt_cv_file_magic_test_file=
lt_cv_ld_reload_flag=-r
lt_cv_objdir=.libs
lt_cv_path_LD=/usr/bin/ld
lt_cv_path_LDCXX=/usr/bin/ld
lt_cv_path_NM='/usr/bin/nm -B'
lt_cv_path_SED=/bin/sed
lt_cv_prog_compiler_c_o=yes
lt_cv_prog_compiler_c_o_CXX=yes
lt_cv_prog_compiler_pic_works=yes
lt_cv_prog_compiler_pic_works_CXX=yes
lt_cv_prog_compiler_rtti_exceptions=no
lt_cv_prog_compiler_static_works=yes
lt_cv_prog_compiler_static_works_CXX=yes
lt_cv_prog_gnu_ld=yes
lt_cv_prog_gnu_ldcxx=yes
lt_cv_sys_global_symbol_pipe='sed -n -e '\''s/^.*[ 	]\([ABCDGIRSTW][ABCDGIRSTW]*\)[ 	][ 	]*\([_A-Za-z][_A-Za-z0-9]*\)$/\1 \2 \2/p'\'''
lt_cv_sys_global_symbol_to_c_name_address='sed -n -e '\''s/^: \([^ ]*\) $/  {\"\1\", (lt_ptr) 0},/p'\'' -e '\''s/^[BCDEGRST] \([^ ]*\) \([^ ]*\)$/  {"\2", (lt_ptr) \&\2},/p'\'''
lt_cv_sys_global_symbol_to_cdecl='sed -n -e '\''s/^. .* \(.*\)$/extern int \1;/p'\'''
lt_cv_sys_lib_dlsearch_path_spec='/lib /usr/lib /lib/i486-linux-gnu /usr/lib/i486-linux-gnu /usr/local/lib '
lt_cv_sys_lib_search_path_spec='/usr/lib/gcc/i486-linux-gnu/4.2.3 /usr/lib /lib'
lt_cv_sys_max_cmd_len=98304
lt_lt_cv_prog_compiler_c_o='"yes"'
lt_lt_cv_prog_compiler_c_o_CXX='"yes"'
lt_lt_cv_sys_global_symbol_pipe='"sed -n -e '\''s/^.*[ 	]\\([ABCDGIRSTW][ABCDGIRSTW]*\\)[ 	][ 	]*\\([_A-Za-z][_A-Za-z0-9]*\\)\$/\\1 \\2 \\2/p'\''"'
lt_lt_cv_sys_global_symbol_to_c_name_address='"sed -n -e '\''s/^: \\([^ ]*\\) \$/  {\\\"\\1\\\", (lt_ptr) 0},/p'\'' -e '\''s/^[BCDEGRST] \\([^ ]*\\) \\([^ ]*\\)\$/  {\"\\2\", (lt_ptr) \\&\\2},/p'\''"'
lt_lt_cv_sys_global_symbol_to_cdecl='"sed -n -e '\''s/^. .* \\(.*\\)\$/extern int \\1;/p'\''"'
pkg_cv_PYGTK_CFLAGS='-I/usr/include/gtk-2.0 -I/usr/lib/gtk-2.0/include -I/usr/include/atk-1.0 -I/usr/include/cairo -I/usr/include/pango-1.0 -I/usr/include/glib-2.0 -I/usr/lib/glib-2.0/include -I/usr/include/freetype2 -I/usr/include/libpng12 -I/usr/include/pixman-1 -I/usr/include/pygtk-2.0  '
pkg_cv_PYGTK_LIBS='-lgtk-x11-2.0 -lgdk-x11-2.0 -latk-1.0 -lgdk_pixbuf-2.0 -lm -lpangocairo-1.0 -lpango-1.0 -lcairo -lgmodule-2.0 -ldl -lffi -lgobject-2.0 -lglib-2.0  '
pkg_cv_UBIQUITY_DEPENDS_CFLAGS='-I/usr/include/gtk-2.0 -I/usr/lib/gtk-2.0/include -I/usr/include/atk-1.0 -I/usr/include/cairo -I/usr/include/pango-1.0 -I/usr/include/glib-2.0 -I/usr/lib/glib-2.0/include -I/usr/include/freetype2 -I/usr/include/libpng12 -I/usr/include/pixman-1 -I/usr/include/libart-2.0  '
pkg_cv_UBIQUITY_DEPENDS_LIBS='-lgtk-x11-2.0 -lgdk-x11-2.0 -latk-1.0 -lgdk_pixbuf-2.0 -lm -lpangocairo-1.0 -lpango-1.0 -lcairo -lgobject-2.0 -lgmodule-2.0 -ldl -lglib-2.0 -lart_lgpl_2  '

## ----------------- ##
## Output variables. ##
## ----------------- ##

ACLOCAL='${SHELL} /home/telemaco/Desktop/guadalinex-svn/ubiquity/trunk/build/missing --run aclocal-1.10'
ALL_LINGUAS=''
AMDEPBACKSLASH='\'
AMDEP_FALSE='#'
AMDEP_TRUE=''
AMTAR='${SHELL} /home/telemaco/Desktop/guadalinex-svn/ubiquity/trunk/build/missing --run tar'
AR='ar'
AUTOCONF='${SHELL} /home/telemaco/Desktop/guadalinex-svn/ubiquity/trunk/build/missing --run autoconf'
AUTOHEADER='${SHELL} /home/telemaco/Desktop/guadalinex-svn/ubiquity/trunk/build/missing --run autoheader'
AUTOMAKE='${SHELL} /home/telemaco/Desktop/guadalinex-svn/ubiquity/trunk/build/missing --run automake-1.10'
AWK='gawk'
CC='gcc'
CCDEPMODE='depmode=gcc3'
CFLAGS='-g -O2'
CPP='gcc -E'
CPPFLAGS=''
CXX='g++'
CXXCPP='g++ -E'
CXXDEPMODE='depmode=gcc3'
CXXFLAGS='-g -O2'
CYGPATH_W='echo'
DATADIRNAME='share'
DEFS='-DHAVE_CONFIG_H'
DEPDIR='.deps'
DSYMUTIL=''
ECHO='echo'
ECHO_C=''
ECHO_N='-n'
ECHO_T=''
EGREP='/bin/grep -E'
EXEEXT=''
F77=''
FFLAGS=''
GETTEXT_MACRO_VERSION='0.17'
GLIB_GENMARSHAL='/usr/bin/glib-genmarshal'
GMSGFMT='/usr/bin/msgfmt'
GMSGFMT_015='/usr/bin/msgfmt'
GREP='/bin/grep'
GTK_CFLAGS='-I/usr/include/gtk-2.0 -I/usr/lib/gtk-2.0/include -I/usr/include/atk-1.0 -I/usr/include/cairo -I/usr/include/pango-1.0 -I/usr/include/glib-2.0 -I/usr/lib/glib-2.0/include -I/usr/include/freetype2 -I/usr/include/libpng12 -I/usr/include/pixman-1  '
GTK_LIBS='-lgtk-x11-2.0 -lgdk-x11-2.0 -latk-1.0 -lgdk_pixbuf-2.0 -lm -lpangocairo-1.0 -lpango-1.0 -lcairo -lgobject-2.0 -lgmodule-2.0 -ldl -lglib-2.0  '
INSTALL_DATA='${INSTALL} -m 644'
INSTALL_PROGRAM='${INSTALL}'
INSTALL_SCRIPT='${INSTALL}'
INSTALL_STRIP_PROGRAM='$(install_sh) -c -s'
INTLLIBS=''
INTLTOOL_CAVES_RULE='%.caves:     %.caves.in     $(INTLTOOL_MERGE) $(wildcard $(top_srcdir)/po/*.po) ; LC_ALL=C $(INTLTOOL_MERGE) -d -u -c $(top_builddir)/po/.intltool-merge-cache $(top_srcdir)/po $< $@'
INTLTOOL_DESKTOP_RULE='%.desktop:   %.desktop.in   $(INTLTOOL_MERGE) $(wildcard $(top_srcdir)/po/*.po) ; LC_ALL=C $(INTLTOOL_MERGE) -d -u -c $(top_builddir)/po/.intltool-merge-cache $(top_srcdir)/po $< $@'
INTLTOOL_DIRECTORY_RULE='%.directory: %.directory.in $(INTLTOOL_MERGE) $(wildcard $(top_srcdir)/po/*.po) ; LC_ALL=C $(INTLTOOL_MERGE) -d -u -c $(top_builddir)/po/.intltool-merge-cache $(top_srcdir)/po $< $@'
INTLTOOL_EXTRACT='$(top_builddir)/intltool-extract'
INTLTOOL_KBD_RULE='%.kbd:       %.kbd.in       $(INTLTOOL_MERGE) $(wildcard $(top_srcdir)/po/*.po) ; LC_ALL=C $(INTLTOOL_MERGE) -x -u -m -c $(top_builddir)/po/.intltool-merge-cache $(top_srcdir)/po $< $@'
INTLTOOL_KEYS_RULE='%.keys:      %.keys.in      $(INTLTOOL_MERGE) $(wildcard $(top_srcdir)/po/*.po) ; LC_ALL=C $(INTLTOOL_MERGE) -k -u -c $(top_builddir)/po/.intltool-merge-cache $(top_srcdir)/po $< $@'
INTLTOOL_MERGE='$(top_builddir)/intltool-merge'
INTLTOOL_OAF_RULE='%.oaf:       %.oaf.in       $(INTLTOOL_MERGE) $(wildcard $(top_srcdir)/po/*.po) ; LC_ALL=C $(INTLTOOL_MERGE) -o -p $(top_srcdir)/po $< $@'
INTLTOOL_PERL='/usr/bin/perl'
INTLTOOL_POLICY_RULE='%.policy:    %.policy.in    $(INTLTOOL_MERGE) $(wildcard $(top_srcdir)/po/*.po) ; LC_ALL=C $(INTLTOOL_MERGE) -x -u -c $(top_builddir)/po/.intltool-merge-cache $(top_srcdir)/po $< $@'
INTLTOOL_PONG_RULE='%.pong:      %.pong.in      $(INTLTOOL_MERGE) $(wildcard $(top_srcdir)/po/*.po) ; LC_ALL=C $(INTLTOOL_MERGE) -x -u -c $(top_builddir)/po/.intltool-merge-cache $(top_srcdir)/po $< $@'
INTLTOOL_PROP_RULE='%.prop:      %.prop.in      $(INTLTOOL_MERGE) $(wildcard $(top_srcdir)/po/*.po) ; LC_ALL=C $(INTLTOOL_MERGE) -d -u -c $(top_builddir)/po/.intltool-merge-cache $(top_srcdir)/po $< $@'
INTLTOOL_SCHEMAS_RULE='%.schemas:   %.schemas.in   $(INTLTOOL_MERGE) $(wildcard $(top_srcdir)/po/*.po) ; LC_ALL=C $(INTLTOOL_MERGE) -s -u -c $(top_builddir)/po/.intltool-merge-cache $(top_srcdir)/po $< $@'
INTLTOOL_SERVER_RULE='%.server:    %.server.in    $(INTLTOOL_MERGE) $(wildcard $(top_srcdir)/po/*.po) ; LC_ALL=C $(INTLTOOL_MERGE) -o -u -c $(top_builddir)/po/.intltool-merge-cache $(top_srcdir)/po $< $@'
INTLTOOL_SERVICE_RULE='%.service: %.service.in   $(INTLTOOL_MERGE) $(wildcard $(top_srcdir)/po/*.po) ; LC_ALL=C $(INTLTOOL_MERGE) -d -u -c $(top_builddir)/po/.intltool-merge-cache $(top_srcdir)/po $< $@'
INTLTOOL_SHEET_RULE='%.sheet:     %.sheet.in     $(INTLTOOL_MERGE) $(wildcard $(top_srcdir)/po/*.po) ; LC_ALL=C $(INTLTOOL_MERGE) -x -u -c $(top_builddir)/po/.intltool-merge-cache $(top_srcdir)/po $< $@'
INTLTOOL_SOUNDLIST_RULE='%.soundlist: %.soundlist.in $(INTLTOOL_MERGE) $(wildcard $(top_srcdir)/po/*.po) ; LC_ALL=C $(INTLTOOL_MERGE) -d -u -c $(top_builddir)/po/.intltool-merge-cache $(top_srcdir)/po $< $@'
INTLTOOL_THEME_RULE='%.theme:     %.theme.in     $(INTLTOOL_MERGE) $(wildcard $(top_srcdir)/po/*.po) ; LC_ALL=C $(INTLTOOL_MERGE) -d -u -c $(top_builddir)/po/.intltool-merge-cache $(top_srcdir)/po $< $@'
INTLTOOL_UI_RULE='%.ui:        %.ui.in        $(INTLTOOL_MERGE) $(wildcard $(top_srcdir)/po/*.po) ; LC_ALL=C $(INTLTOOL_MERGE) -x -u -c $(top_builddir)/po/.intltool-merge-cache $(top_srcdir)/po $< $@'
INTLTOOL_UPDATE='$(top_builddir)/intltool-update'
INTLTOOL_XAM_RULE='%.xam:       %.xml.in       $(INTLTOOL_MERGE) $(wildcard $(top_srcdir)/po/*.po) ; LC_ALL=C $(INTLTOOL_MERGE) -x -u -c $(top_builddir)/po/.intltool-merge-cache $(top_srcdir)/po $< $@'
INTLTOOL_XML_NOMERGE_RULE='%.xml:       %.xml.in       $(INTLTOOL_MERGE) ; LC_ALL=C $(INTLTOOL_MERGE) -x -u /tmp $< $@'
INTLTOOL_XML_RULE='%.xml:       %.xml.in       $(INTLTOOL_MERGE) $(wildcard $(top_srcdir)/po/*.po) ; LC_ALL=C $(INTLTOOL_MERGE) -x -u -c $(top_builddir)/po/.intltool-merge-cache $(top_srcdir)/po $< $@'
INTL_MACOSX_LIBS=''
LDFLAGS=''
LIBICONV='-liconv'
LIBINTL=''
LIBOBJS=''
LIBS=''
LIBTOOL='$(SHELL) $(top_builddir)/libtool'
LN_S='ln -s'
LTLIBICONV='-liconv'
LTLIBINTL=''
LTLIBOBJS=''
MAINT='#'
MAINTAINER_MODE_FALSE=''
MAINTAINER_MODE_TRUE='#'
MAKEINFO='${SHELL} /home/telemaco/Desktop/guadalinex-svn/ubiquity/trunk/build/missing --run makeinfo'
MSGFMT='/usr/bin/msgfmt'
MSGFMT_015='/usr/bin/msgfmt'
MSGMERGE='/usr/bin/msgmerge'
NMEDIT=''
OBJEXT='o'
PACKAGE='ubiquity'
PACKAGE_BUGREPORT='https://launchpad.net/ubuntu/+source/ubiquity/+filebug'
PACKAGE_NAME='ubiquity'
PACKAGE_STRING='ubiquity 1.8.7'
PACKAGE_TARNAME='ubiquity'
PACKAGE_VERSION='1.8.7'
PATH_SEPARATOR=':'
PKG_CONFIG='/usr/bin/pkg-config'
POSUB='po'
PYGTK_CFLAGS='-I/usr/include/gtk-2.0 -I/usr/lib/gtk-2.0/include -I/usr/include/atk-1.0 -I/usr/include/cairo -I/usr/include/pango-1.0 -I/usr/include/glib-2.0 -I/usr/lib/glib-2.0/include -I/usr/include/freetype2 -I/usr/include/libpng12 -I/usr/include/pixman-1 -I/usr/include/pygtk-2.0  '
PYGTK_CODEGEN='/usr/bin/pygtk-codegen-2.0'
PYGTK_CODEGEN_FALSE='#'
PYGTK_CODEGEN_TRUE=''
PYGTK_DEFSDIR='/usr/share/pygtk/2.0/defs'
PYGTK_LIBS='-lgtk-x11-2.0 -lgdk-x11-2.0 -latk-1.0 -lgdk_pixbuf-2.0 -lm -lpangocairo-1.0 -lpango-1.0 -lcairo -lgmodule-2.0 -ldl -lffi -lgobject-2.0 -lglib-2.0  '
PYTHON='python2.5'
PYTHON_EXEC_PREFIX='${exec_prefix}'
PYTHON_INCLUDES='-I/usr/include/python2.5'
PYTHON_PLATFORM='linux2'
PYTHON_PREFIX='${prefix}'
PYTHON_VERSION='2.5'
RANLIB='ranlib'
SED='/bin/sed'
SET_MAKE=''
SHELL='/bin/bash'
STRIP='strip'
UBIQUITY_DEPENDS_CFLAGS='-I/usr/include/gtk-2.0 -I/usr/lib/gtk-2.0/include -I/usr/include/atk-1.0 -I/usr/include/cairo -I/usr/include/pango-1.0 -I/usr/include/glib-2.0 -I/usr/lib/glib-2.0/include -I/usr/include/freetype2 -I/usr/include/libpng12 -I/usr/include/pixman-1 -I/usr/include/libart-2.0  '
UBIQUITY_DEPENDS_LIBS='-lgtk-x11-2.0 -lgdk-x11-2.0 -latk-1.0 -lgdk_pixbuf-2.0 -lm -lpangocairo-1.0 -lpango-1.0 -lcairo -lgobject-2.0 -lgmodule-2.0 -ldl -lglib-2.0 -lart_lgpl_2  '
USE_NLS='yes'
VERSION='1.8.7'
XGETTEXT='/usr/bin/xgettext'
XGETTEXT_015='/usr/bin/xgettext'
XGETTEXT_EXTRA_OPTIONS=''
ac_ct_CC='gcc'
ac_ct_CXX='g++'
ac_ct_F77=''
am__fastdepCC_FALSE='#'
am__fastdepCC_TRUE=''
am__fastdepCXX_FALSE='#'
am__fastdepCXX_TRUE=''
am__include='include'
am__isrc=''
am__leading_dot='.'
am__quote=''
am__tar='${AMTAR} chof - "$$tardir"'
am__untar='${AMTAR} xf -'
bindir='${exec_prefix}/bin'
build='i686-pc-linux-gnu'
build_alias=''
build_cpu='i686'
build_os='linux-gnu'
build_vendor='pc'
datadir='${datarootdir}'
datarootdir='${prefix}/share'
docdir='${datarootdir}/doc/${PACKAGE_TARNAME}'
dvidir='${docdir}'
exec_prefix='${prefix}'
host='i686-pc-linux-gnu'
host_alias=''
host_cpu='i686'
host_os='linux-gnu'
host_vendor='pc'
htmldir='${docdir}'
includedir='${prefix}/include'
infodir='${datarootdir}/info'
install_sh='$(SHELL) /home/telemaco/Desktop/guadalinex-svn/ubiquity/trunk/build/install-sh'
libdir='${exec_prefix}/lib'
libexecdir='${exec_prefix}/libexec'
localedir='${datarootdir}/locale'
localstatedir='${prefix}/var'
mandir='${datarootdir}/man'
mkdir_p='/bin/mkdir -p'
oldincludedir='/usr/include'
pdfdir='${docdir}'
pixmapsdir='${datarootdir}/ubiquity/pixmaps'
pkgpyexecdir='${pyexecdir}/ubiquity'
pkgpythondir='${pythondir}/ubiquity'
prefix='/usr'
program_transform_name='s,x,x,'
psdir='${docdir}'
pyexecdir='${exec_prefix}/lib/python2.5/site-packages'
pythondir='${prefix}/lib/python2.5/site-packages'
sbindir='${exec_prefix}/sbin'
sharedstatedir='${prefix}/com'
sysconfdir='${prefix}/etc'
target_alias=''

## ----------- ##
## confdefs.h. ##
## ----------- ##

#define PACKAGE_NAME "ubiquity"
#define PACKAGE_TARNAME "ubiquity"
#define PACKAGE_VERSION "1.8.7"
#define PACKAGE_STRING "ubiquity 1.8.7"
#define PACKAGE_BUGREPORT "https://launchpad.net/ubuntu/+source/ubiquity/+filebug"
#define PACKAGE "ubiquity"
#define VERSION "1.8.7"
#define STDC_HEADERS 1
#define HAVE_SYS_TYPES_H 1
#define HAVE_SYS_STAT_H 1
#define HAVE_STDLIB_H 1
#define HAVE_STRING_H 1
#define HAVE_MEMORY_H 1
#define HAVE_STRINGS_H 1
#define HAVE_INTTYPES_H 1
#define HAVE_STDINT_H 1
#define HAVE_UNISTD_H 1
#define HAVE_DLFCN_H 1
#define ENABLE_NLS 1
#define HAVE_GETTEXT 1
#define HAVE_DCGETTEXT 1
#define STDC_HEADERS 1
#define PIXMAPS_DIR "${datarootdir}/ubiquity/pixmaps"

configure: exit 0
