This file contains any messages produced by compilers while
running configure, to aid debugging if configure makes a mistake.

It was created by gedit-plugin-TLoleo configure 2.20.0, which was
generated by GNU Autoconf 2.61.  Invocation command line was

  $ ./configure --prefix=/usr

## --------- ##
## Platform. ##
## --------- ##

hostname = clavius
uname -m = i686
uname -r = 2.6.24-17-generic
uname -s = Linux
uname -v = #1 SMP Thu May 1 14:31:33 UTC 2008

/usr/bin/uname -p = unknown
/bin/uname -X     = unknown

/bin/arch              = unknown
/usr/bin/arch -k       = unknown
/usr/convex/getsysinfo = unknown
/usr/bin/hostinfo      = unknown
/bin/machine           = unknown
/usr/bin/oslevel       = unknown
/bin/universe          = unknown

PATH: /usr/local/sbin
PATH: /usr/local/bin
PATH: /usr/sbin
PATH: /usr/bin
PATH: /sbin
PATH: /bin
PATH: /usr/games


## ----------- ##
## Core tests. ##
## ----------- ##

configure:2174: checking for a BSD-compatible install
configure:2230: result: /usr/bin/install -c
configure:2241: checking whether build environment is sane
configure:2284: result: yes
configure:2349: checking for gawk
configure:2379: result: no
configure:2349: checking for mawk
configure:2365: found /usr/bin/mawk
configure:2376: result: mawk
configure:2387: checking whether make sets $(MAKE)
configure:2408: result: yes
configure:2642: checking for pkg-config
configure:2660: found /usr/bin/pkg-config
configure:2672: result: /usr/bin/pkg-config
configure:2701: checking pkg-config is at least version 0.9.0
configure:2704: result: yes
configure:2722: checking for GDU_MODULE_VERSION_CHECK
configure:2730: $PKG_CONFIG --exists --print-errors "gnome-doc-utils >= $GDU_REQUIRED_VERSION"
configure:2733: $? = 0
configure:2748: $PKG_CONFIG --exists --print-errors "gnome-doc-utils >= $GDU_REQUIRED_VERSION"
configure:2751: $? = 0
configure:2827: result: yes
configure:2886: checking whether to enable maintainer-specific portions of Makefiles
configure:2895: result: no
configure:2940: checking for gconftool-2
configure:2958: found /usr/bin/gconftool-2
configure:2970: result: /usr/bin/gconftool-2
configure:2990: checking for intltool >= 0.35.0
configure:2997: result: 0.35.0 found
configure:3053: checking for perl
configure:3071: found /usr/bin/perl
configure:3083: result: /usr/bin/perl
configure:3102: checking for XML::Parser
configure:3105: result: ok
configure:3116: checking for iconv
configure:3134: found /usr/bin/iconv
configure:3147: result: /usr/bin/iconv
configure:3157: checking for msgfmt
configure:3175: found /usr/bin/msgfmt
configure:3188: result: /usr/bin/msgfmt
configure:3198: checking for msgmerge
configure:3216: found /usr/bin/msgmerge
configure:3229: result: /usr/bin/msgmerge
configure:3239: checking for xgettext
configure:3257: found /usr/bin/xgettext
configure:3270: result: /usr/bin/xgettext
configure:3344: checking build system type
configure:3362: result: i686-pc-linux-gnu
configure:3384: checking host system type
configure:3399: result: i686-pc-linux-gnu
configure:3433: checking for style of include used by make
configure:3461: result: GNU
configure:3534: checking for gcc
configure:3550: found /usr/bin/gcc
configure:3561: result: gcc
configure:3799: checking for C compiler version
configure:3806: gcc --version >&5
gcc (GCC) 4.2.3 (Ubuntu 4.2.3-2ubuntu7)
Copyright (C) 2007 Free Software Foundation, Inc.
This is free software; see the source for copying conditions.  There is NO
warranty; not even for MERCHANTABILITY or FITNESS FOR A PARTICULAR PURPOSE.

configure:3809: $? = 0
configure:3816: gcc -v >&5
Using built-in specs.
Target: i486-linux-gnu
Configured with: ../src/configure -v --enable-languages=c,c++,fortran,objc,obj-c++,treelang --prefix=/usr --enable-shared --with-system-zlib --libexecdir=/usr/lib --without-included-gettext --enable-threads=posix --enable-nls --with-gxx-include-dir=/usr/include/c++/4.2 --program-suffix=-4.2 --enable-clocale=gnu --enable-libstdcxx-debug --enable-objc-gc --enable-mpfr --enable-targets=all --enable-checking=release --build=i486-linux-gnu --host=i486-linux-gnu --target=i486-linux-gnu
Thread model: posix
gcc version 4.2.3 (Ubuntu 4.2.3-2ubuntu7)
configure:3819: $? = 0
configure:3826: gcc -V >&5
gcc: '-V' option must have argument
configure:3829: $? = 1
configure:3852: checking for C compiler default output file name
configure:3879: gcc    conftest.c  >&5
configure:3882: $? = 0
configure:3920: result: a.out
configure:3937: checking whether the C compiler works
configure:3947: ./a.out
configure:3950: $? = 0
configure:3967: result: yes
configure:3974: checking whether we are cross compiling
configure:3976: result: no
configure:3979: checking for suffix of executables
configure:3986: gcc -o conftest    conftest.c  >&5
configure:3989: $? = 0
configure:4013: result: 
configure:4019: checking for suffix of object files
configure:4045: gcc -c   conftest.c >&5
configure:4048: $? = 0
configure:4071: result: o
configure:4075: checking whether we are using the GNU C compiler
configure:4104: gcc -c   conftest.c >&5
configure:4110: $? = 0
configure:4127: result: yes
configure:4132: checking whether gcc accepts -g
configure:4162: gcc -c -g  conftest.c >&5
configure:4168: $? = 0
configure:4267: result: yes
configure:4284: checking for gcc option to accept ISO C89
configure:4358: gcc  -c -g -O2  conftest.c >&5
configure:4364: $? = 0
configure:4387: result: none needed
configure:4407: checking dependency style of gcc
configure:4497: result: gcc3
configure:4514: checking for a sed that does not truncate output
configure:4568: result: /bin/sed
configure:4571: checking for grep that handles long lines and -e
configure:4645: result: /bin/grep
configure:4650: checking for egrep
configure:4728: result: /bin/grep -E
configure:4744: checking for ld used by gcc
configure:4811: result: /usr/bin/ld
configure:4820: checking if the linker (/usr/bin/ld) is GNU ld
configure:4835: result: yes
configure:4840: checking for /usr/bin/ld option to reload object files
configure:4847: result: -r
configure:4865: checking for BSD-compatible nm
configure:4914: result: /usr/bin/nm -B
configure:4918: checking whether ln -s works
configure:4922: result: yes
configure:4929: checking how to recognise dependent libraries
configure:5105: result: pass_all
configure:5339: checking how to run the C preprocessor
configure:5379: gcc -E  conftest.c
configure:5385: $? = 0
configure:5416: gcc -E  conftest.c
conftest.c:10:28: error: ac_nonexistent.h: No such file or directory
configure:5422: $? = 1
configure: failed program was:
| /* confdefs.h.  */
| #define PACKAGE_NAME "gedit-plugin-TLoleo"
| #define PACKAGE_TARNAME "gedit-plugin-tloleo"
| #define PACKAGE_VERSION "2.20.0"
| #define PACKAGE_STRING "gedit-plugin-TLoleo 2.20.0"
| #define PACKAGE_BUGREPORT "http://www.indisys.es/"
| #define PACKAGE "gedit-plugin-tloleo"
| #define VERSION "2.20.0"
| /* end confdefs.h.  */
| #include <ac_nonexistent.h>
configure:5455: result: gcc -E
configure:5484: gcc -E  conftest.c
configure:5490: $? = 0
configure:5521: gcc -E  conftest.c
conftest.c:10:28: error: ac_nonexistent.h: No such file or directory
configure:5527: $? = 1
configure: failed program was:
| /* confdefs.h.  */
| #define PACKAGE_NAME "gedit-plugin-TLoleo"
| #define PACKAGE_TARNAME "gedit-plugin-tloleo"
| #define PACKAGE_VERSION "2.20.0"
| #define PACKAGE_STRING "gedit-plugin-TLoleo 2.20.0"
| #define PACKAGE_BUGREPORT "http://www.indisys.es/"
| #define PACKAGE "gedit-plugin-tloleo"
| #define VERSION "2.20.0"
| /* end confdefs.h.  */
| #include <ac_nonexistent.h>
configure:5565: checking for ANSI C header files
configure:5595: gcc -c -g -O2  conftest.c >&5
configure:5601: $? = 0
configure:5700: gcc -o conftest -g -O2   conftest.c  >&5
configure:5703: $? = 0
configure:5709: ./conftest
configure:5712: $? = 0
configure:5729: result: yes
configure:5753: checking for sys/types.h
configure:5774: gcc -c -g -O2  conftest.c >&5
configure:5780: $? = 0
configure:5796: result: yes
configure:5753: checking for sys/stat.h
configure:5774: gcc -c -g -O2  conftest.c >&5
configure:5780: $? = 0
configure:5796: result: yes
configure:5753: checking for stdlib.h
configure:5774: gcc -c -g -O2  conftest.c >&5
configure:5780: $? = 0
configure:5796: result: yes
configure:5753: checking for string.h
configure:5774: gcc -c -g -O2  conftest.c >&5
configure:5780: $? = 0
configure:5796: result: yes
configure:5753: checking for memory.h
configure:5774: gcc -c -g -O2  conftest.c >&5
configure:5780: $? = 0
configure:5796: result: yes
configure:5753: checking for strings.h
configure:5774: gcc -c -g -O2  conftest.c >&5
configure:5780: $? = 0
configure:5796: result: yes
configure:5753: checking for inttypes.h
configure:5774: gcc -c -g -O2  conftest.c >&5
configure:5780: $? = 0
configure:5796: result: yes
configure:5753: checking for stdint.h
configure:5774: gcc -c -g -O2  conftest.c >&5
configure:5780: $? = 0
configure:5796: result: yes
configure:5753: checking for unistd.h
configure:5774: gcc -c -g -O2  conftest.c >&5
configure:5780: $? = 0
configure:5796: result: yes
configure:5823: checking dlfcn.h usability
configure:5840: gcc -c -g -O2  conftest.c >&5
configure:5846: $? = 0
configure:5860: result: yes
configure:5864: checking dlfcn.h presence
configure:5879: gcc -E  conftest.c
configure:5885: $? = 0
configure:5899: result: yes
configure:5932: checking for dlfcn.h
configure:5940: result: yes
configure:6011: checking for g++
configure:6027: found /usr/bin/g++
configure:6038: result: g++
configure:6069: checking for C++ compiler version
configure:6076: g++ --version >&5
g++ (GCC) 4.2.3 (Ubuntu 4.2.3-2ubuntu7)
Copyright (C) 2007 Free Software Foundation, Inc.
This is free software; see the source for copying conditions.  There is NO
warranty; not even for MERCHANTABILITY or FITNESS FOR A PARTICULAR PURPOSE.

configure:6079: $? = 0
configure:6086: g++ -v >&5
Using built-in specs.
Target: i486-linux-gnu
Configured with: ../src/configure -v --enable-languages=c,c++,fortran,objc,obj-c++,treelang --prefix=/usr --enable-shared --with-system-zlib --libexecdir=/usr/lib --without-included-gettext --enable-threads=posix --enable-nls --with-gxx-include-dir=/usr/include/c++/4.2 --program-suffix=-4.2 --enable-clocale=gnu --enable-libstdcxx-debug --enable-objc-gc --enable-mpfr --enable-targets=all --enable-checking=release --build=i486-linux-gnu --host=i486-linux-gnu --target=i486-linux-gnu
Thread model: posix
gcc version 4.2.3 (Ubuntu 4.2.3-2ubuntu7)
configure:6089: $? = 0
configure:6096: g++ -V >&5
g++: '-V' option must have argument
configure:6099: $? = 1
configure:6102: checking whether we are using the GNU C++ compiler
configure:6131: g++ -c   conftest.cpp >&5
configure:6137: $? = 0
configure:6154: result: yes
configure:6159: checking whether g++ accepts -g
configure:6189: g++ -c -g  conftest.cpp >&5
configure:6195: $? = 0
configure:6294: result: yes
configure:6319: checking dependency style of g++
configure:6409: result: gcc3
configure:6436: checking how to run the C++ preprocessor
configure:6472: g++ -E  conftest.cpp
configure:6478: $? = 0
configure:6509: g++ -E  conftest.cpp
conftest.cpp:21:28: error: ac_nonexistent.h: No such file or directory
configure:6515: $? = 1
configure: failed program was:
| /* confdefs.h.  */
| #define PACKAGE_NAME "gedit-plugin-TLoleo"
| #define PACKAGE_TARNAME "gedit-plugin-tloleo"
| #define PACKAGE_VERSION "2.20.0"
| #define PACKAGE_STRING "gedit-plugin-TLoleo 2.20.0"
| #define PACKAGE_BUGREPORT "http://www.indisys.es/"
| #define PACKAGE "gedit-plugin-tloleo"
| #define VERSION "2.20.0"
| #define STDC_HEADERS 1
| #define HAVE_SYS_TYPES_H 1
| #define HAVE_SYS_STAT_H 1
| #define HAVE_STDLIB_H 1
| #define HAVE_STRING_H 1
| #define HAVE_MEMORY_H 1
| #define HAVE_STRINGS_H 1
| #define HAVE_INTTYPES_H 1
| #define HAVE_STDINT_H 1
| #define HAVE_UNISTD_H 1
| #define HAVE_DLFCN_H 1
| /* end confdefs.h.  */
| #include <ac_nonexistent.h>
configure:6548: result: g++ -E
configure:6577: g++ -E  conftest.cpp
configure:6583: $? = 0
configure:6614: g++ -E  conftest.cpp
conftest.cpp:21:28: error: ac_nonexistent.h: No such file or directory
configure:6620: $? = 1
configure: failed program was:
| /* confdefs.h.  */
| #define PACKAGE_NAME "gedit-plugin-TLoleo"
| #define PACKAGE_TARNAME "gedit-plugin-tloleo"
| #define PACKAGE_VERSION "2.20.0"
| #define PACKAGE_STRING "gedit-plugin-TLoleo 2.20.0"
| #define PACKAGE_BUGREPORT "http://www.indisys.es/"
| #define PACKAGE "gedit-plugin-tloleo"
| #define VERSION "2.20.0"
| #define STDC_HEADERS 1
| #define HAVE_SYS_TYPES_H 1
| #define HAVE_SYS_STAT_H 1
| #define HAVE_STDLIB_H 1
| #define HAVE_STRING_H 1
| #define HAVE_MEMORY_H 1
| #define HAVE_STRINGS_H 1
| #define HAVE_INTTYPES_H 1
| #define HAVE_STDINT_H 1
| #define HAVE_UNISTD_H 1
| #define HAVE_DLFCN_H 1
| /* end confdefs.h.  */
| #include <ac_nonexistent.h>
configure:6713: checking for g77
configure:6743: result: no
configure:6713: checking for xlf
configure:6743: result: no
configure:6713: checking for f77
configure:6743: result: no
configure:6713: checking for frt
configure:6743: result: no
configure:6713: checking for pgf77
configure:6743: result: no
configure:6713: checking for cf77
configure:6743: result: no
configure:6713: checking for fort77
configure:6743: result: no
configure:6713: checking for fl32
configure:6743: result: no
configure:6713: checking for af77
configure:6743: result: no
configure:6713: checking for xlf90
configure:6743: result: no
configure:6713: checking for f90
configure:6743: result: no
configure:6713: checking for pgf90
configure:6743: result: no
configure:6713: checking for pghpf
configure:6743: result: no
configure:6713: checking for epcf90
configure:6743: result: no
configure:6713: checking for gfortran
configure:6743: result: no
configure:6713: checking for g95
configure:6743: result: no
configure:6713: checking for xlf95
configure:6743: result: no
configure:6713: checking for f95
configure:6743: result: no
configure:6713: checking for fort
configure:6743: result: no
configure:6713: checking for ifort
configure:6743: result: no
configure:6713: checking for ifc
configure:6743: result: no
configure:6713: checking for efc
configure:6743: result: no
configure:6713: checking for pgf95
configure:6743: result: no
configure:6713: checking for lf95
configure:6743: result: no
configure:6713: checking for ftn
configure:6743: result: no
configure:6770: checking for Fortran 77 compiler version
configure:6777:  --version >&5
./configure: line 6778: --version: command not found
configure:6780: $? = 127
configure:6787:  -v >&5
./configure: line 6788: -v: command not found
configure:6790: $? = 127
configure:6797:  -V >&5
./configure: line 6798: -V: command not found
configure:6800: $? = 127
configure:6808: checking whether we are using the GNU Fortran 77 compiler
configure:6827:  -c  conftest.F >&5
./configure: line 6828: -c: command not found
configure:6833: $? = 127
configure: failed program was:
|       program main
| #ifndef __GNUC__
|        choke me
| #endif
| 
|       end
configure:6850: result: no
configure:6856: checking whether  accepts -g
configure:6873:  -c -g conftest.f >&5
./configure: line 6874: -c: command not found
configure:6879: $? = 127
configure: failed program was:
|       program main
| 
|       end
configure:6895: result: no
configure:6925: checking the maximum length of command line arguments
configure:7034: result: 32768
configure:7045: checking command to parse /usr/bin/nm -B output from gcc object
configure:7150: gcc -c -g -O2  conftest.c >&5
configure:7153: $? = 0
configure:7157: /usr/bin/nm -B conftest.o \| sed -n -e 's/^.*[ 	]\([ABCDGIRSTW][ABCDGIRSTW]*\)[ 	][ 	]*\([_A-Za-z][_A-Za-z0-9]*\)$/\1 \2 \2/p' \> conftest.nm
configure:7160: $? = 0
configure:7212: gcc -o conftest -g -O2   conftest.c conftstm.o >&5
configure:7215: $? = 0
configure:7253: result: ok
configure:7257: checking for objdir
configure:7272: result: .libs
configure:7364: checking for ar
configure:7380: found /usr/bin/ar
configure:7391: result: ar
configure:7460: checking for ranlib
configure:7476: found /usr/bin/ranlib
configure:7487: result: ranlib
configure:7556: checking for strip
configure:7572: found /usr/bin/strip
configure:7583: result: strip
configure:7869: checking if gcc supports -fno-rtti -fno-exceptions
configure:7887: gcc -c -g -O2  -fno-rtti -fno-exceptions conftest.c >&5
cc1: warning: command line option "-fno-rtti" is valid for C++/ObjC++ but not for C
configure:7891: $? = 0
configure:7904: result: no
configure:7919: checking for gcc option to produce PIC
configure:8129: result: -fPIC
configure:8137: checking if gcc PIC flag -fPIC works
configure:8155: gcc -c -g -O2  -fPIC -DPIC conftest.c >&5
configure:8159: $? = 0
configure:8172: result: yes
configure:8200: checking if gcc static flag -static works
configure:8228: result: yes
configure:8238: checking if gcc supports -c -o file.o
configure:8259: gcc -c -g -O2  -o out/conftest2.o conftest.c >&5
configure:8263: $? = 0
configure:8285: result: yes
configure:8311: checking whether the gcc linker (/usr/bin/ld) supports shared libraries
configure:9266: result: yes
configure:9287: checking whether -lc should be explicitly linked in
configure:9292: gcc -c -g -O2  conftest.c >&5
configure:9295: $? = 0
configure:9310: gcc -shared conftest.o  -v -Wl,-soname -Wl,conftest -o conftest 2\>\&1 \| grep  -lc  \>/dev/null 2\>\&1
configure:9313: $? = 0
configure:9325: result: no
configure:9333: checking dynamic linker characteristics
configure:9909: result: GNU/Linux ld.so
configure:9918: checking how to hardcode library paths into programs
configure:9943: result: immediate
configure:9957: checking whether stripping libraries is possible
configure:9962: result: yes
configure:10763: checking if libtool supports shared libraries
configure:10765: result: yes
configure:10768: checking whether to build shared libraries
configure:10789: result: yes
configure:10792: checking whether to build static libraries
configure:10796: result: no
configure:10888: creating libtool
configure:11476: checking for ld used by g++
configure:11543: result: /usr/bin/ld
configure:11552: checking if the linker (/usr/bin/ld) is GNU ld
configure:11567: result: yes
configure:11618: checking whether the g++ linker (/usr/bin/ld) supports shared libraries
configure:12552: result: yes
configure:12570: g++ -c -g -O2  conftest.cpp >&5
configure:12573: $? = 0
configure:12692: checking for g++ option to produce PIC
configure:12966: result: -fPIC
configure:12974: checking if g++ PIC flag -fPIC works
configure:12992: g++ -c -g -O2  -fPIC -DPIC conftest.cpp >&5
configure:12996: $? = 0
configure:13009: result: yes
configure:13037: checking if g++ static flag -static works
configure:13065: result: yes
configure:13075: checking if g++ supports -c -o file.o
configure:13096: g++ -c -g -O2  -o out/conftest2.o conftest.cpp >&5
configure:13100: $? = 0
configure:13122: result: yes
configure:13148: checking whether the g++ linker (/usr/bin/ld) supports shared libraries
configure:13176: result: yes
configure:13243: checking dynamic linker characteristics
configure:13819: result: GNU/Linux ld.so
configure:13828: checking how to hardcode library paths into programs
configure:13853: result: immediate
configure:19972: checking for library containing strerror
configure:20013: gcc -o conftest -g -O2   conftest.c  >&5
configure:20019: $? = 0
configure:20047: result: none required
configure:20103: checking for gcc
configure:20130: result: gcc
configure:20368: checking for C compiler version
configure:20375: gcc --version >&5
gcc (GCC) 4.2.3 (Ubuntu 4.2.3-2ubuntu7)
Copyright (C) 2007 Free Software Foundation, Inc.
This is free software; see the source for copying conditions.  There is NO
warranty; not even for MERCHANTABILITY or FITNESS FOR A PARTICULAR PURPOSE.

configure:20378: $? = 0
configure:20385: gcc -v >&5
Using built-in specs.
Target: i486-linux-gnu
Configured with: ../src/configure -v --enable-languages=c,c++,fortran,objc,obj-c++,treelang --prefix=/usr --enable-shared --with-system-zlib --libexecdir=/usr/lib --without-included-gettext --enable-threads=posix --enable-nls --with-gxx-include-dir=/usr/include/c++/4.2 --program-suffix=-4.2 --enable-clocale=gnu --enable-libstdcxx-debug --enable-objc-gc --enable-mpfr --enable-targets=all --enable-checking=release --build=i486-linux-gnu --host=i486-linux-gnu --target=i486-linux-gnu
Thread model: posix
gcc version 4.2.3 (Ubuntu 4.2.3-2ubuntu7)
configure:20388: $? = 0
configure:20395: gcc -V >&5
gcc: '-V' option must have argument
configure:20398: $? = 1
configure:20401: checking whether we are using the GNU C compiler
configure:20453: result: yes
configure:20458: checking whether gcc accepts -g
configure:20593: result: yes
configure:20610: checking for gcc option to accept ISO C89
configure:20713: result: none needed
configure:20733: checking dependency style of gcc
configure:20823: result: gcc3
configure:20853: checking for a BSD-compatible install
configure:20909: result: /usr/bin/install -c
configure:20920: checking whether make sets $(MAKE)
configure:20941: result: yes
configure:20982: checking locale.h usability
configure:20999: gcc -c -g -O2  conftest.c >&5
configure:21005: $? = 0
configure:21019: result: yes
configure:21023: checking locale.h presence
configure:21038: gcc -E  conftest.c
configure:21044: $? = 0
configure:21058: result: yes
configure:21091: checking for locale.h
configure:21099: result: yes
configure:21113: checking for LC_MESSAGES
configure:21139: gcc -o conftest -g -O2   conftest.c  >&5
configure:21145: $? = 0
configure:21162: result: yes
configure:21191: checking libintl.h usability
configure:21208: gcc -c -g -O2  conftest.c >&5
configure:21214: $? = 0
configure:21228: result: yes
configure:21232: checking libintl.h presence
configure:21247: gcc -E  conftest.c
configure:21253: $? = 0
configure:21267: result: yes
configure:21300: checking for libintl.h
configure:21307: result: yes
configure:21318: checking for ngettext in libc
configure:21346: gcc -o conftest -g -O2   conftest.c  >&5
configure:21352: $? = 0
configure:21370: result: yes
configure:21374: checking for dgettext in libc
configure:21402: gcc -o conftest -g -O2   conftest.c  >&5
configure:21408: $? = 0
configure:21426: result: yes
configure:21435: checking for bind_textdomain_codeset
configure:21491: gcc -o conftest -g -O2   conftest.c  >&5
configure:21497: $? = 0
configure:21515: result: yes
configure:22002: checking for msgfmt
configure:22029: result: /usr/bin/msgfmt
configure:22042: checking for dcgettext
configure:22098: gcc -o conftest -g -O2   conftest.c   >&5
conftest.c:49: warning: conflicting types for built-in function 'dcgettext'
configure:22104: $? = 0
configure:22122: result: yes
configure:22134: checking for gmsgfmt
configure:22165: result: /usr/bin/msgfmt
configure:22175: checking for xgettext
configure:22202: result: /usr/bin/xgettext
configure:22231: gcc -o conftest -g -O2   conftest.c   >&5
configure:22237: $? = 0
configure:22470: checking for GEDIT
configure:22485: $PKG_CONFIG --exists --print-errors "
	glib-2.0 >= 2.8.0
	gtk+-2.0 >= 2.8.0
	gtksourceview-1.0 >= 1.8.0
	gedit-2.20 >= 2.20.1
	libglade-2.0 >= 2.4.0
	gnome-vfs-2.0 >= 2.13.4
"
configure:22495: $? = 0
configure:22524: $PKG_CONFIG --exists --print-errors "
	glib-2.0 >= 2.8.0
	gtk+-2.0 >= 2.8.0
	gtksourceview-1.0 >= 1.8.0
	gedit-2.20 >= 2.20.1
	libglade-2.0 >= 2.4.0
	gnome-vfs-2.0 >= 2.13.4
"
configure:22534: $? = 0
configure:22645: result: yes
configure:22656: checking which plugins to build
configure:22705: result:  TLoleo
configure:22727: result: Using config source xml:merged:/etc/gconf/gconf.xml.defaults for schema installation
configure:22742: result: Using $(sysconfdir)/gconf/schemas as install directory for schema files
configure:22852: checking for glib-genmarshal
configure:22870: found /usr/bin/glib-genmarshal
configure:22882: result: /usr/bin/glib-genmarshal
configure:23071: creating ./config.status

## ---------------------- ##
## Running config.status. ##
## ---------------------- ##

This file was extended by gedit-plugin-TLoleo config.status 2.20.0, which was
generated by GNU Autoconf 2.61.  Invocation command line was

  CONFIG_FILES    = 
  CONFIG_HEADERS  = 
  CONFIG_LINKS    = 
  CONFIG_COMMANDS = 
  $ ./config.status 

on clavius

config.status:740: creating Makefile
config.status:740: creating plugins/Makefile
config.status:740: creating plugins/TLoleo/Makefile
config.status:740: creating po/Makefile.in
config.status:740: creating config.h
config.status:968: config.h is unchanged
config.status:1014: executing intltool commands
config.status:1014: executing depfiles commands
config.status:1014: executing default-1 commands
config.status:1014: executing po/stamp-it commands

## ---------------- ##
## Cache variables. ##
## ---------------- ##

ac_cv_build=i686-pc-linux-gnu
ac_cv_c_compiler_gnu=yes
ac_cv_cxx_compiler_gnu=yes
ac_cv_env_CCC_set=
ac_cv_env_CCC_value=
ac_cv_env_CC_set=
ac_cv_env_CC_value=
ac_cv_env_CFLAGS_set=
ac_cv_env_CFLAGS_value=
ac_cv_env_CPPFLAGS_set=
ac_cv_env_CPPFLAGS_value=
ac_cv_env_CPP_set=
ac_cv_env_CPP_value=
ac_cv_env_CXXCPP_set=
ac_cv_env_CXXCPP_value=
ac_cv_env_CXXFLAGS_set=
ac_cv_env_CXXFLAGS_value=
ac_cv_env_CXX_set=
ac_cv_env_CXX_value=
ac_cv_env_F77_set=
ac_cv_env_F77_value=
ac_cv_env_FFLAGS_set=
ac_cv_env_FFLAGS_value=
ac_cv_env_GDU_MODULE_VERSION_CHECK_CFLAGS_set=
ac_cv_env_GDU_MODULE_VERSION_CHECK_CFLAGS_value=
ac_cv_env_GDU_MODULE_VERSION_CHECK_LIBS_set=
ac_cv_env_GDU_MODULE_VERSION_CHECK_LIBS_value=
ac_cv_env_GEDIT_CFLAGS_set=
ac_cv_env_GEDIT_CFLAGS_value=
ac_cv_env_GEDIT_LIBS_set=
ac_cv_env_GEDIT_LIBS_value=
ac_cv_env_LDFLAGS_set=
ac_cv_env_LDFLAGS_value=
ac_cv_env_LIBS_set=
ac_cv_env_LIBS_value=
ac_cv_env_PKG_CONFIG_set=
ac_cv_env_PKG_CONFIG_value=
ac_cv_env_build_alias_set=
ac_cv_env_build_alias_value=
ac_cv_env_host_alias_set=
ac_cv_env_host_alias_value=
ac_cv_env_target_alias_set=
ac_cv_env_target_alias_value=
ac_cv_f77_compiler_gnu=no
ac_cv_func_bind_textdomain_codeset=yes
ac_cv_func_dcgettext=yes
ac_cv_header_dlfcn_h=yes
ac_cv_header_inttypes_h=yes
ac_cv_header_libintl_h=yes
ac_cv_header_locale_h=yes
ac_cv_header_memory_h=yes
ac_cv_header_stdc=yes
ac_cv_header_stdint_h=yes
ac_cv_header_stdlib_h=yes
ac_cv_header_string_h=yes
ac_cv_header_strings_h=yes
ac_cv_header_sys_stat_h=yes
ac_cv_header_sys_types_h=yes
ac_cv_header_unistd_h=yes
ac_cv_host=i686-pc-linux-gnu
ac_cv_objext=o
ac_cv_path_EGREP='/bin/grep -E'
ac_cv_path_GCONFTOOL=/usr/bin/gconftool-2
ac_cv_path_GLIB_GENMARSHAL=/usr/bin/glib-genmarshal
ac_cv_path_GMSGFMT=/usr/bin/msgfmt
ac_cv_path_GREP=/bin/grep
ac_cv_path_INTLTOOL_ICONV=/usr/bin/iconv
ac_cv_path_INTLTOOL_MSGFMT=/usr/bin/msgfmt
ac_cv_path_INTLTOOL_MSGMERGE=/usr/bin/msgmerge
ac_cv_path_INTLTOOL_PERL=/usr/bin/perl
ac_cv_path_INTLTOOL_XGETTEXT=/usr/bin/xgettext
ac_cv_path_MSGFMT=/usr/bin/msgfmt
ac_cv_path_XGETTEXT=/usr/bin/xgettext
ac_cv_path_ac_pt_PKG_CONFIG=/usr/bin/pkg-config
ac_cv_path_install='/usr/bin/install -c'
ac_cv_prog_AWK=mawk
ac_cv_prog_CPP='gcc -E'
ac_cv_prog_CXXCPP='g++ -E'
ac_cv_prog_ac_ct_AR=ar
ac_cv_prog_ac_ct_CC=gcc
ac_cv_prog_ac_ct_CXX=g++
ac_cv_prog_ac_ct_RANLIB=ranlib
ac_cv_prog_ac_ct_STRIP=strip
ac_cv_prog_cc_c89=
ac_cv_prog_cc_g=yes
ac_cv_prog_cxx_g=yes
ac_cv_prog_f77_g=no
ac_cv_prog_make_make_set=yes
ac_cv_search_strerror='none required'
am_cv_CC_dependencies_compiler_type=gcc3
am_cv_CXX_dependencies_compiler_type=gcc3
am_cv_val_LC_MESSAGES=yes
gt_cv_func_dgettext_libc=yes
gt_cv_func_dgettext_libintl=no
gt_cv_func_ngettext_libc=yes
gt_cv_have_gettext=yes
lt_cv_deplibs_check_method=pass_all
lt_cv_file_magic_cmd='$MAGIC_CMD'
lt_cv_file_magic_test_file=
lt_cv_ld_reload_flag=-r
lt_cv_objdir=.libs
lt_cv_path_LD=/usr/bin/ld
lt_cv_path_LDCXX=/usr/bin/ld
lt_cv_path_NM='/usr/bin/nm -B'
lt_cv_path_SED=/bin/sed
lt_cv_prog_compiler_c_o=yes
lt_cv_prog_compiler_c_o_CXX=yes
lt_cv_prog_compiler_rtti_exceptions=no
lt_cv_prog_gnu_ld=yes
lt_cv_prog_gnu_ldcxx=yes
lt_cv_sys_global_symbol_pipe='sed -n -e '\''s/^.*[ 	]\([ABCDGIRSTW][ABCDGIRSTW]*\)[ 	][ 	]*\([_A-Za-z][_A-Za-z0-9]*\)$/\1 \2 \2/p'\'''
lt_cv_sys_global_symbol_to_c_name_address='sed -n -e '\''s/^: \([^ ]*\) $/  {\"\1\", (lt_ptr) 0},/p'\'' -e '\''s/^[BCDEGRST] \([^ ]*\) \([^ ]*\)$/  {"\2", (lt_ptr) \&\2},/p'\'''
lt_cv_sys_global_symbol_to_cdecl='sed -n -e '\''s/^. .* \(.*\)$/extern int \1;/p'\'''
lt_cv_sys_max_cmd_len=32768
lt_lt_cv_prog_compiler_c_o='"yes"'
lt_lt_cv_prog_compiler_c_o_CXX='"yes"'
lt_lt_cv_sys_global_symbol_pipe='"sed -n -e '\''s/^.*[ 	]\\([ABCDGIRSTW][ABCDGIRSTW]*\\)[ 	][ 	]*\\([_A-Za-z][_A-Za-z0-9]*\\)\$/\\1 \\2 \\2/p'\''"'
lt_lt_cv_sys_global_symbol_to_c_name_address='"sed -n -e '\''s/^: \\([^ ]*\\) \$/  {\\\"\\1\\\", (lt_ptr) 0},/p'\'' -e '\''s/^[BCDEGRST] \\([^ ]*\\) \\([^ ]*\\)\$/  {\"\\2\", (lt_ptr) \\&\\2},/p'\''"'
lt_lt_cv_sys_global_symbol_to_cdecl='"sed -n -e '\''s/^. .* \\(.*\\)\$/extern int \\1;/p'\''"'
pkg_cv_GDU_MODULE_VERSION_CHECK_CFLAGS=' '
pkg_cv_GDU_MODULE_VERSION_CHECK_LIBS=' '
pkg_cv_GEDIT_CFLAGS='-DORBIT2=1 -pthread -I/usr/include/glib-2.0 -I/usr/lib/glib-2.0/include -I/usr/include/gtk-2.0 -I/usr/lib/gtk-2.0/include -I/usr/include/atk-1.0 -I/usr/include/cairo -I/usr/include/pango-1.0 -I/usr/include/freetype2 -I/usr/include/libpng12 -I/usr/include/pixman-1 -I/usr/include/gtksourceview-1.0 -I/usr/include/libxml2 -I/usr/include/libgnomeprint-2.2 -I/usr/include/libart-2.0 -I/usr/include/gedit-2.20 -I/usr/include/libgnomeui-2.0 -I/usr/include/libglade-2.0 -I/usr/include/gtksourceview-2.0 -I/usr/include/gconf/2 -I/usr/include/gnome-keyring-1 -I/usr/include/libgnome-2.0 -I/usr/include/libbonoboui-2.0 -I/usr/include/libgnomecanvas-2.0 -I/usr/include/gnome-vfs-2.0 -I/usr/lib/gnome-vfs-2.0/include -I/usr/include/orbit-2.0 -I/usr/include/libbonobo-2.0 -I/usr/include/bonobo-activation-2.0 -I/usr/include/gail-1.0  '
pkg_cv_GEDIT_LIBS='-pthread -lgtksourceview-1.0 -lgnomeprint-2-2 -lz -lgnomeui-2 -lSM -lICE -lgtksourceview-2.0 -lbonoboui-2 -lgnomecanvas-2 -lgnome-2 -lpopt -lbonobo-2 -lbonobo-activation -lORBit-2 -lart_lgpl_2 -lglade-2.0 -lgtk-x11-2.0 -lxml2 -lgdk-x11-2.0 -latk-1.0 -lgdk_pixbuf-2.0 -lm -lpangocairo-1.0 -lpango-1.0 -lcairo -lgnomevfs-2 -lgconf-2 -lgthread-2.0 -lrt -lgmodule-2.0 -ldl -lgobject-2.0 -lglib-2.0  '

## ----------------- ##
## Output variables. ##
## ----------------- ##

ACLOCAL='${SHELL} /tmp/gedit-plugin-tloleo-2.16.0/missing --run aclocal-1.9'
ACLOCAL_AMFLAGS=' -I m4'
ALL_LINGUAS=''
AMDEPBACKSLASH='\'
AMDEP_FALSE='#'
AMDEP_TRUE=''
AMTAR='${SHELL} /tmp/gedit-plugin-tloleo-2.16.0/missing --run tar'
AR='ar'
AUTOCONF='${SHELL} /tmp/gedit-plugin-tloleo-2.16.0/missing --run autoconf'
AUTOHEADER='${SHELL} /tmp/gedit-plugin-tloleo-2.16.0/missing --run autoheader'
AUTOMAKE='${SHELL} /tmp/gedit-plugin-tloleo-2.16.0/missing --run automake-1.9'
AWK='mawk'
BUILD_PLUGINS='TLoleo '
CATALOGS=''
CATOBJEXT='.gmo'
CC='gcc'
CCDEPMODE='depmode=gcc3'
CFLAGS='-g -O2'
CPP='gcc -E'
CPPFLAGS=''
CXX='g++'
CXXCPP='g++ -E'
CXXDEPMODE='depmode=gcc3'
CXXFLAGS='-g -O2'
CYGPATH_W='echo'
DATADIRNAME='share'
DEFS='-DHAVE_CONFIG_H'
DEPDIR='.deps'
DISABLE_DEPRECATED_CFLAGS=''
DIST_PLUGINS='TLoleo'
DOC_USER_FORMATS=''
ECHO='echo'
ECHO_C=''
ECHO_N='-n'
ECHO_T=''
EGREP='/bin/grep -E'
ENABLE_SK_FALSE='#'
ENABLE_SK_TRUE=''
EXEEXT=''
F77=''
FFLAGS=''
GCONFTOOL='/usr/bin/gconftool-2'
GCONF_SCHEMAS_INSTALL_FALSE='#'
GCONF_SCHEMAS_INSTALL_TRUE=''
GCONF_SCHEMA_CONFIG_SOURCE='xml:merged:/etc/gconf/gconf.xml.defaults'
GCONF_SCHEMA_FILE_DIR='$(sysconfdir)/gconf/schemas'
GDU_MODULE_VERSION_CHECK_CFLAGS=' '
GDU_MODULE_VERSION_CHECK_LIBS=' '
GEDIT_CFLAGS='-DORBIT2=1 -pthread -I/usr/include/glib-2.0 -I/usr/lib/glib-2.0/include -I/usr/include/gtk-2.0 -I/usr/lib/gtk-2.0/include -I/usr/include/atk-1.0 -I/usr/include/cairo -I/usr/include/pango-1.0 -I/usr/include/freetype2 -I/usr/include/libpng12 -I/usr/include/pixman-1 -I/usr/include/gtksourceview-1.0 -I/usr/include/libxml2 -I/usr/include/libgnomeprint-2.2 -I/usr/include/libart-2.0 -I/usr/include/gedit-2.20 -I/usr/include/libgnomeui-2.0 -I/usr/include/libglade-2.0 -I/usr/include/gtksourceview-2.0 -I/usr/include/gconf/2 -I/usr/include/gnome-keyring-1 -I/usr/include/libgnome-2.0 -I/usr/include/libbonoboui-2.0 -I/usr/include/libgnomecanvas-2.0 -I/usr/include/gnome-vfs-2.0 -I/usr/lib/gnome-vfs-2.0/include -I/usr/include/orbit-2.0 -I/usr/include/libbonobo-2.0 -I/usr/include/bonobo-activation-2.0 -I/usr/include/gail-1.0  '
GEDIT_LIBS='-pthread -lgtksourceview-1.0 -lgnomeprint-2-2 -lz -lgnomeui-2 -lSM -lICE -lgtksourceview-2.0 -lbonoboui-2 -lgnomecanvas-2 -lgnome-2 -lpopt -lbonobo-2 -lbonobo-activation -lORBit-2 -lart_lgpl_2 -lglade-2.0 -lgtk-x11-2.0 -lxml2 -lgdk-x11-2.0 -latk-1.0 -lgdk_pixbuf-2.0 -lm -lpangocairo-1.0 -lpango-1.0 -lcairo -lgnomevfs-2 -lgconf-2 -lgthread-2.0 -lrt -lgmodule-2.0 -ldl -lgobject-2.0 -lglib-2.0  '
GEDIT_PLUGINS_MAJOR=''
GETTEXT_PACKAGE='gedit-plugin-TLoleo'
GLIB_GENMARSHAL='/usr/bin/glib-genmarshal'
GMOFILES=''
GMSGFMT='/usr/bin/msgfmt'
GREP='/bin/grep'
HELP_DIR='${datadir}/gnome/help'
INSTALL_DATA='${INSTALL} -m 644'
INSTALL_PROGRAM='${INSTALL}'
INSTALL_SCRIPT='${INSTALL}'
INSTALL_STRIP_PROGRAM='${SHELL} $(install_sh) -c -s'
INSTOBJEXT='.mo'
INTLLIBS=''
INTLTOOL_CAVES_RULE='%.caves:     %.caves.in     $(INTLTOOL_MERGE) $(wildcard $(top_srcdir)/po/*.po) ; LC_ALL=C $(INTLTOOL_MERGE) -d -u -c $(top_builddir)/po/.intltool-merge-cache $(top_srcdir)/po $< $@'
INTLTOOL_DESKTOP_RULE='%.desktop:   %.desktop.in   $(INTLTOOL_MERGE) $(wildcard $(top_srcdir)/po/*.po) ; LC_ALL=C $(INTLTOOL_MERGE) -d -u -c $(top_builddir)/po/.intltool-merge-cache $(top_srcdir)/po $< $@'
INTLTOOL_DIRECTORY_RULE='%.directory: %.directory.in $(INTLTOOL_MERGE) $(wildcard $(top_srcdir)/po/*.po) ; LC_ALL=C $(INTLTOOL_MERGE) -d -u -c $(top_builddir)/po/.intltool-merge-cache $(top_srcdir)/po $< $@'
INTLTOOL_EXTRACT='$(top_builddir)/intltool-extract'
INTLTOOL_ICONV='/usr/bin/iconv'
INTLTOOL_KBD_RULE='%.kbd:       %.kbd.in       $(INTLTOOL_MERGE) $(wildcard $(top_srcdir)/po/*.po) ; LC_ALL=C $(INTLTOOL_MERGE) -x -u -m -c $(top_builddir)/po/.intltool-merge-cache $(top_srcdir)/po $< $@'
INTLTOOL_KEYS_RULE='%.keys:      %.keys.in      $(INTLTOOL_MERGE) $(wildcard $(top_srcdir)/po/*.po) ; LC_ALL=C $(INTLTOOL_MERGE) -k -u -c $(top_builddir)/po/.intltool-merge-cache $(top_srcdir)/po $< $@'
INTLTOOL_MERGE='$(top_builddir)/intltool-merge'
INTLTOOL_MSGFMT='/usr/bin/msgfmt'
INTLTOOL_MSGMERGE='/usr/bin/msgmerge'
INTLTOOL_OAF_RULE='%.oaf:       %.oaf.in       $(INTLTOOL_MERGE) $(wildcard $(top_srcdir)/po/*.po) ; LC_ALL=C $(INTLTOOL_MERGE) -o -p $(top_srcdir)/po $< $@'
INTLTOOL_PERL='/usr/bin/perl'
INTLTOOL_PONG_RULE='%.pong:      %.pong.in      $(INTLTOOL_MERGE) $(wildcard $(top_srcdir)/po/*.po) ; LC_ALL=C $(INTLTOOL_MERGE) -x -u -c $(top_builddir)/po/.intltool-merge-cache $(top_srcdir)/po $< $@'
INTLTOOL_PROP_RULE='%.prop:      %.prop.in      $(INTLTOOL_MERGE) $(wildcard $(top_srcdir)/po/*.po) ; LC_ALL=C $(INTLTOOL_MERGE) -d -u -c $(top_builddir)/po/.intltool-merge-cache $(top_srcdir)/po $< $@'
INTLTOOL_SCHEMAS_RULE='%.schemas:   %.schemas.in   $(INTLTOOL_MERGE) $(wildcard $(top_srcdir)/po/*.po) ; LC_ALL=C $(INTLTOOL_MERGE) -s -u -c $(top_builddir)/po/.intltool-merge-cache $(top_srcdir)/po $< $@'
INTLTOOL_SERVER_RULE='%.server:    %.server.in    $(INTLTOOL_MERGE) $(wildcard $(top_srcdir)/po/*.po) ; LC_ALL=C $(INTLTOOL_MERGE) -o -u -c $(top_builddir)/po/.intltool-merge-cache $(top_srcdir)/po $< $@'
INTLTOOL_SERVICE_RULE='%.service: %.service.in   $(INTLTOOL_MERGE) $(wildcard $(top_srcdir)/po/*.po) ; LC_ALL=C $(INTLTOOL_MERGE) -d -u -c $(top_builddir)/po/.intltool-merge-cache $(top_srcdir)/po $< $@'
INTLTOOL_SHEET_RULE='%.sheet:     %.sheet.in     $(INTLTOOL_MERGE) $(wildcard $(top_srcdir)/po/*.po) ; LC_ALL=C $(INTLTOOL_MERGE) -x -u -c $(top_builddir)/po/.intltool-merge-cache $(top_srcdir)/po $< $@'
INTLTOOL_SOUNDLIST_RULE='%.soundlist: %.soundlist.in $(INTLTOOL_MERGE) $(wildcard $(top_srcdir)/po/*.po) ; LC_ALL=C $(INTLTOOL_MERGE) -d -u -c $(top_builddir)/po/.intltool-merge-cache $(top_srcdir)/po $< $@'
INTLTOOL_THEME_RULE='%.theme:     %.theme.in     $(INTLTOOL_MERGE) $(wildcard $(top_srcdir)/po/*.po) ; LC_ALL=C $(INTLTOOL_MERGE) -d -u -c $(top_builddir)/po/.intltool-merge-cache $(top_srcdir)/po $< $@'
INTLTOOL_UI_RULE='%.ui:        %.ui.in        $(INTLTOOL_MERGE) $(wildcard $(top_srcdir)/po/*.po) ; LC_ALL=C $(INTLTOOL_MERGE) -x -u -c $(top_builddir)/po/.intltool-merge-cache $(top_srcdir)/po $< $@'
INTLTOOL_UPDATE='$(top_builddir)/intltool-update'
INTLTOOL_XAM_RULE='%.xam:       %.xml.in       $(INTLTOOL_MERGE) $(wildcard $(top_srcdir)/po/*.po) ; LC_ALL=C $(INTLTOOL_MERGE) -x -u -c $(top_builddir)/po/.intltool-merge-cache $(top_srcdir)/po $< $@'
INTLTOOL_XGETTEXT='/usr/bin/xgettext'
INTLTOOL_XML_NOMERGE_RULE='%.xml:       %.xml.in       $(INTLTOOL_MERGE) ; LC_ALL=C $(INTLTOOL_MERGE) -x -u /tmp $< $@'
INTLTOOL_XML_RULE='%.xml:       %.xml.in       $(INTLTOOL_MERGE) $(wildcard $(top_srcdir)/po/*.po) ; LC_ALL=C $(INTLTOOL_MERGE) -x -u -c $(top_builddir)/po/.intltool-merge-cache $(top_srcdir)/po $< $@'
LDFLAGS=''
LIBOBJS=''
LIBS=''
LIBTOOL='$(SHELL) $(top_builddir)/libtool'
LN_S='ln -s'
LTLIBOBJS=''
MAINT='#'
MAINTAINER_MODE_FALSE=''
MAINTAINER_MODE_TRUE='#'
MAKEINFO='${SHELL} /tmp/gedit-plugin-tloleo-2.16.0/missing --run makeinfo'
MKINSTALLDIRS='./mkinstalldirs'
MSGFMT='/usr/bin/msgfmt'
OBJEXT='o'
OMF_DIR='${datadir}/omf'
PACKAGE='gedit-plugin-tloleo'
PACKAGE_BUGREPORT='http://www.indisys.es/'
PACKAGE_NAME='gedit-plugin-TLoleo'
PACKAGE_STRING='gedit-plugin-TLoleo 2.20.0'
PACKAGE_TARNAME='gedit-plugin-tloleo'
PACKAGE_VERSION='2.20.0'
PATH_SEPARATOR=':'
PKG_CONFIG='/usr/bin/pkg-config'
PLUGIN_LIBTOOL_FLAGS='-module -avoid-version'
POFILES=''
POSUB='po'
PO_IN_DATADIR_FALSE=''
PO_IN_DATADIR_TRUE=''
RANLIB='ranlib'
SET_MAKE=''
SHELL='/bin/bash'
STRIP='strip'
USE_NLS='yes'
VERSION='2.20.0'
XGETTEXT='/usr/bin/xgettext'
ac_ct_CC='gcc'
ac_ct_CXX='g++'
ac_ct_F77=''
ac_prefix_program=''
am__fastdepCC_FALSE='#'
am__fastdepCC_TRUE=''
am__fastdepCXX_FALSE='#'
am__fastdepCXX_TRUE=''
am__include='include'
am__leading_dot='.'
am__quote=''
am__tar='${AMTAR} chof - "$$tardir"'
am__untar='${AMTAR} xf -'
bindir='${exec_prefix}/bin'
build='i686-pc-linux-gnu'
build_alias=''
build_cpu='i686'
build_os='linux-gnu'
build_vendor='pc'
datadir='${datarootdir}'
datarootdir='${prefix}/share'
docdir='${datarootdir}/doc/${PACKAGE_TARNAME}'
dvidir='${docdir}'
exec_prefix='${prefix}'
host='i686-pc-linux-gnu'
host_alias=''
host_cpu='i686'
host_os='linux-gnu'
host_vendor='pc'
htmldir='${docdir}'
includedir='${prefix}/include'
infodir='${datarootdir}/info'
install_sh='/tmp/gedit-plugin-tloleo-2.16.0/install-sh'
libdir='${exec_prefix}/lib'
libexecdir='${exec_prefix}/libexec'
localedir='${datarootdir}/locale'
localstatedir='${prefix}/var'
mandir='${datarootdir}/man'
mkdir_p='mkdir -p --'
oldincludedir='/usr/include'
pdfdir='${docdir}'
prefix='/usr'
program_transform_name='s,x,x,'
psdir='${docdir}'
sbindir='${exec_prefix}/sbin'
sharedstatedir='${prefix}/com'
sysconfdir='${prefix}/etc'
target_alias=''

## ----------- ##
## confdefs.h. ##
## ----------- ##

#define PACKAGE_NAME "gedit-plugin-TLoleo"
#define PACKAGE_TARNAME "gedit-plugin-tloleo"
#define PACKAGE_VERSION "2.20.0"
#define PACKAGE_STRING "gedit-plugin-TLoleo 2.20.0"
#define PACKAGE_BUGREPORT "http://www.indisys.es/"
#define PACKAGE "gedit-plugin-tloleo"
#define VERSION "2.20.0"
#define STDC_HEADERS 1
#define HAVE_SYS_TYPES_H 1
#define HAVE_SYS_STAT_H 1
#define HAVE_STDLIB_H 1
#define HAVE_STRING_H 1
#define HAVE_MEMORY_H 1
#define HAVE_STRINGS_H 1
#define HAVE_INTTYPES_H 1
#define HAVE_STDINT_H 1
#define HAVE_UNISTD_H 1
#define HAVE_DLFCN_H 1
#define GETTEXT_PACKAGE "gedit-plugin-TLoleo"
#define HAVE_LOCALE_H 1
#define HAVE_LC_MESSAGES 1
#define HAVE_BIND_TEXTDOMAIN_CODESET 1
#define HAVE_GETTEXT 1
#define HAVE_DCGETTEXT 1
#define ENABLE_NLS 1

configure: exit 0
