-----------------------------------------------
Dispositivo:  /org/freedesktop/Hal/devices/usb_device_3f0_3a11_MY521G136G96

info.bus:usb_device
info.linux.driver:usb
info.parent:/org/freedesktop/Hal/devices/usb_device_0_0_0000_00_1d_2
info.product:OfficeJet 5510
info.udi:/org/freedesktop/Hal/devices/usb_device_3f0_3a11_MY521G136G96
info.vendor:Hewlett-Packard
linux.hotplug_type:1
linux.subsystem:usb
linux.sysfs_path:/sys/devices/pci0000:00/0000:00:1d.2/usb3/3-2
linux.sysfs_path_device:/sys/devices/pci0000:00/0000:00:1d.2/usb3/3-2
usb_device.bus_number:3
usb_device.can_wake_up:0
usb_device.configuration_value:1
usb_device.device_class:0
usb_device.device_protocol:0
usb_device.device_revision_bcd:256
usb_device.device_subclass:0
usb_device.is_self_powered:1
usb_device.linux.device_number:5
usb_device.linux.sysfs_path:/sys/devices/pci0000:00/0000:00:1d.2/usb3/3-2
usb_device.max_power:2
usb_device.num_configurations:1
usb_device.num_interfaces:3
usb_device.num_ports:0
usb_device.product:OfficeJet 5510
usb_device.product_id:14865
usb_device.serial:MY521G136G96
usb_device.speed_bcd:4608
usb_device.vendor:Hewlett-Packard
usb_device.vendor_id:1008
usb_device.version_bcd:512


-----------------------------------------------
Dispositivo:  /org/freedesktop/Hal/devices/usb_device_3f0_3a11_MY521G136G96_if0

info.bus:usb
info.parent:/org/freedesktop/Hal/devices/usb_device_3f0_3a11_MY521G136G96
info.product:USB Vendor Specific Interface
info.udi:/org/freedesktop/Hal/devices/usb_device_3f0_3a11_MY521G136G96_if0
linux.hotplug_type:1
linux.subsystem:usb
linux.sysfs_path:/sys/devices/pci0000:00/0000:00:1d.2/usb3/3-2/3-2:1.0
linux.sysfs_path_device:/sys/devices/pci0000:00/0000:00:1d.2/usb3/3-2/3-2:1.0
usb.bus_number:3
usb.can_wake_up:0
usb.configuration_value:1
usb.device_class:0
usb.device_protocol:0
usb.device_revision_bcd:256
usb.device_subclass:0
usb.interface.class:255
usb.interface.number:0
usb.interface.protocol:0
usb.interface.subclass:204
usb.is_self_powered:1
usb.linux.device_number:5
usb.linux.sysfs_path:/sys/devices/pci0000:00/0000:00:1d.2/usb3/3-2/3-2:1.0
usb.max_power:2
usb.num_configurations:1
usb.num_interfaces:3
usb.num_ports:0
usb.product:USB Vendor Specific Interface
usb.product_id:14865
usb.serial:MY521G136G96
usb.speed_bcd:4608
usb.vendor:Hewlett-Packard
usb.vendor_id:1008
usb.version_bcd:512


-----------------------------------------------
Dispositivo:  /org/freedesktop/Hal/devices/usb_device_3f0_3a11_MY521G136G96_if1

info.bus:usb
info.linux.driver:usblp
info.parent:/org/freedesktop/Hal/devices/usb_device_3f0_3a11_MY521G136G96
info.product:USB Printer Interface
info.udi:/org/freedesktop/Hal/devices/usb_device_3f0_3a11_MY521G136G96_if1
linux.hotplug_type:1
linux.subsystem:usb
linux.sysfs_path:/sys/devices/pci0000:00/0000:00:1d.2/usb3/3-2/3-2:1.1
linux.sysfs_path_device:/sys/devices/pci0000:00/0000:00:1d.2/usb3/3-2/3-2:1.1
usb.bus_number:3
usb.can_wake_up:0
usb.configuration_value:1
usb.device_class:0
usb.device_protocol:0
usb.device_revision_bcd:256
usb.device_subclass:0
usb.interface.class:7
usb.interface.number:1
usb.interface.protocol:2
usb.interface.subclass:1
usb.is_self_powered:1
usb.linux.device_number:5
usb.linux.sysfs_path:/sys/devices/pci0000:00/0000:00:1d.2/usb3/3-2/3-2:1.1
usb.max_power:2
usb.num_configurations:1
usb.num_interfaces:3
usb.num_ports:0
usb.product:USB Printer Interface
usb.product_id:14865
usb.serial:MY521G136G96
usb.speed_bcd:4608
usb.vendor:Hewlett-Packard
usb.vendor_id:1008
usb.version_bcd:512


-----------------------------------------------
Dispositivo:  /org/freedesktop/Hal/devices/usb_device_3f0_3a11_MY521G136G96_if2

info.bus:usb
info.parent:/org/freedesktop/Hal/devices/usb_device_3f0_3a11_MY521G136G96
info.product:USB Vendor Specific Interface
info.udi:/org/freedesktop/Hal/devices/usb_device_3f0_3a11_MY521G136G96_if2
linux.hotplug_type:1
linux.subsystem:usb
linux.sysfs_path:/sys/devices/pci0000:00/0000:00:1d.2/usb3/3-2/3-2:1.2
linux.sysfs_path_device:/sys/devices/pci0000:00/0000:00:1d.2/usb3/3-2/3-2:1.2
usb.bus_number:3
usb.can_wake_up:0
usb.configuration_value:1
usb.device_class:0
usb.device_protocol:0
usb.device_revision_bcd:256
usb.device_subclass:0
usb.interface.class:255
usb.interface.number:2
usb.interface.protocol:255
usb.interface.subclass:255
usb.is_self_powered:1
usb.linux.device_number:5
usb.linux.sysfs_path:/sys/devices/pci0000:00/0000:00:1d.2/usb3/3-2/3-2:1.2
usb.max_power:2
usb.num_configurations:1
usb.num_interfaces:3
usb.num_ports:0
usb.product:USB Vendor Specific Interface
usb.product_id:14865
usb.serial:MY521G136G96
usb.speed_bcd:4608
usb.vendor:Hewlett-Packard
usb.vendor_id:1008
usb.version_bcd:512


#############################################
DESCONEXIÓN  ################################
#############################################


-----------------------------------------------
Dispositivo:  /org/freedesktop/Hal/devices/usb_device_3f0_3a11_MY521G136G96_if0

info.bus:usb
info.parent:/org/freedesktop/Hal/devices/usb_device_3f0_3a11_MY521G136G96
info.product:USB Vendor Specific Interface
info.udi:/org/freedesktop/Hal/devices/usb_device_3f0_3a11_MY521G136G96_if0
linux.hotplug_type:1
linux.subsystem:usb
linux.sysfs_path:/sys/devices/pci0000:00/0000:00:1d.2/usb3/3-2/3-2:1.0
linux.sysfs_path_device:/sys/devices/pci0000:00/0000:00:1d.2/usb3/3-2/3-2:1.0
usb.bus_number:3
usb.can_wake_up:0
usb.configuration_value:1
usb.device_class:0
usb.device_protocol:0
usb.device_revision_bcd:256
usb.device_subclass:0
usb.interface.class:255
usb.interface.number:0
usb.interface.protocol:0
usb.interface.subclass:204
usb.is_self_powered:1
usb.linux.device_number:5
usb.linux.sysfs_path:/sys/devices/pci0000:00/0000:00:1d.2/usb3/3-2/3-2:1.0
usb.max_power:2
usb.num_configurations:1
usb.num_interfaces:3
usb.num_ports:0
usb.product:USB Vendor Specific Interface
usb.product_id:14865
usb.serial:MY521G136G96
usb.speed_bcd:4608
usb.vendor:Hewlett-Packard
usb.vendor_id:1008
usb.version_bcd:512


#############################################
DESCONEXIÓN  ################################
#############################################


-----------------------------------------------
Dispositivo:  /org/freedesktop/Hal/devices/usb_device_3f0_3a11_MY521G136G96_if2

info.bus:usb
info.parent:/org/freedesktop/Hal/devices/usb_device_3f0_3a11_MY521G136G96
info.product:USB Vendor Specific Interface
info.udi:/org/freedesktop/Hal/devices/usb_device_3f0_3a11_MY521G136G96_if2
linux.hotplug_type:1
linux.subsystem:usb
linux.sysfs_path:/sys/devices/pci0000:00/0000:00:1d.2/usb3/3-2/3-2:1.2
linux.sysfs_path_device:/sys/devices/pci0000:00/0000:00:1d.2/usb3/3-2/3-2:1.2
usb.bus_number:3
usb.can_wake_up:0
usb.configuration_value:1
usb.device_class:0
usb.device_protocol:0
usb.device_revision_bcd:256
usb.device_subclass:0
usb.interface.class:255
usb.interface.number:2
usb.interface.protocol:255
usb.interface.subclass:255
usb.is_self_powered:1
usb.linux.device_number:5
usb.linux.sysfs_path:/sys/devices/pci0000:00/0000:00:1d.2/usb3/3-2/3-2:1.2
usb.max_power:2
usb.num_configurations:1
usb.num_interfaces:3
usb.num_ports:0
usb.product:USB Vendor Specific Interface
usb.product_id:14865
usb.serial:MY521G136G96
usb.speed_bcd:4608
usb.vendor:Hewlett-Packard
usb.vendor_id:1008
usb.version_bcd:512


#############################################
DESCONEXIÓN  ################################
#############################################


-----------------------------------------------
Dispositivo:  /org/freedesktop/Hal/devices/usb_device_3f0_3a11_MY521G136G96_if1

info.bus:usb
info.linux.driver:usblp
info.parent:/org/freedesktop/Hal/devices/usb_device_3f0_3a11_MY521G136G96
info.product:USB Printer Interface
info.udi:/org/freedesktop/Hal/devices/usb_device_3f0_3a11_MY521G136G96_if1
linux.hotplug_type:1
linux.subsystem:usb
linux.sysfs_path:/sys/devices/pci0000:00/0000:00:1d.2/usb3/3-2/3-2:1.1
linux.sysfs_path_device:/sys/devices/pci0000:00/0000:00:1d.2/usb3/3-2/3-2:1.1
usb.bus_number:3
usb.can_wake_up:0
usb.configuration_value:1
usb.device_class:0
usb.device_protocol:0
usb.device_revision_bcd:256
usb.device_subclass:0
usb.interface.class:7
usb.interface.number:1
usb.interface.protocol:2
usb.interface.subclass:1
usb.is_self_powered:1
usb.linux.device_number:5
usb.linux.sysfs_path:/sys/devices/pci0000:00/0000:00:1d.2/usb3/3-2/3-2:1.1
usb.max_power:2
usb.num_configurations:1
usb.num_interfaces:3
usb.num_ports:0
usb.product:USB Printer Interface
usb.product_id:14865
usb.serial:MY521G136G96
usb.speed_bcd:4608
usb.vendor:Hewlett-Packard
usb.vendor_id:1008
usb.version_bcd:512


#############################################
DESCONEXIÓN  ################################
#############################################


-----------------------------------------------
Dispositivo:  /org/freedesktop/Hal/devices/usb_device_3f0_3a11_MY521G136G96

info.bus:usb_device
info.linux.driver:usb
info.parent:/org/freedesktop/Hal/devices/usb_device_0_0_0000_00_1d_2
info.product:OfficeJet 5510
info.udi:/org/freedesktop/Hal/devices/usb_device_3f0_3a11_MY521G136G96
info.vendor:Hewlett-Packard
linux.hotplug_type:1
linux.subsystem:usb
linux.sysfs_path:/sys/devices/pci0000:00/0000:00:1d.2/usb3/3-2
linux.sysfs_path_device:/sys/devices/pci0000:00/0000:00:1d.2/usb3/3-2
usb_device.bus_number:3
usb_device.can_wake_up:0
usb_device.configuration_value:1
usb_device.device_class:0
usb_device.device_protocol:0
usb_device.device_revision_bcd:256
usb_device.device_subclass:0
usb_device.is_self_powered:1
usb_device.linux.device_number:5
usb_device.linux.sysfs_path:/sys/devices/pci0000:00/0000:00:1d.2/usb3/3-2
usb_device.max_power:2
usb_device.num_configurations:1
usb_device.num_interfaces:3
usb_device.num_ports:0
usb_device.product:OfficeJet 5510
usb_device.product_id:14865
usb_device.serial:MY521G136G96
usb_device.speed_bcd:4608
usb_device.vendor:Hewlett-Packard
usb_device.vendor_id:1008
usb_device.version_bcd:512
